{"numTotalTestSuites":11,"numPassedTestSuites":11,"numFailedTestSuites":0,"numPendingTestSuites":0,"numTotalTests":23,"numPassedTests":4,"numFailedTests":19,"numPendingTests":0,"numTodoTests":0,"startTime":1771087129393,"success":false,"testResults":[{"assertionResults":[{"ancestorTitles":["","Cart persistence across navigation"],"fullName":" Cart persistence across navigation keeps items after navigating away and back","status":"passed","title":"keeps items after navigating away and back","duration":120,"failureMessages":[]}],"startTime":1771087146009,"endTime":1771087146129,"status":"passed","message":"","name":"/workspaces/healthswift-mobile-design/src/__tests__/cartPersistence.test.tsx"},{"assertionResults":[{"ancestorTitles":["","ConsultationBooking -> Payment navigation"],"fullName":" ConsultationBooking -> Payment navigation navigates to /payment with consultation subtotal when Book Appointment is clicked","status":"passed","title":"navigates to /payment with consultation subtotal when Book Appointment is clicked","duration":254,"failureMessages":[]},{"ancestorTitles":["","ConsultationBooking -> Payment navigation"],"fullName":" ConsultationBooking -> Payment navigation shows physiotherapist copy and still navigates using physiotherapist professionalType","status":"failed","title":"shows physiotherapist copy and still navigates using physiotherapist professionalType","duration":1092,"failureMessages":["Unable to find an element by: [data-testid=\"payment-spy\"]\n\nIgnored nodes: comments, script, style\n\u001b[36m<body>\u001b[39m\n  \u001b[36m<div>\u001b[39m\n    \u001b[36m<div\u001b[39m\n      \u001b[33mclass\u001b[39m=\u001b[32m\"min-h-screen h-screen bg-background max-w-[430px] mx-auto relative overflow-hidden\"\u001b[39m\n    \u001b[36m>\u001b[39m\n      \u001b[36m<div\u001b[39m\n        \u001b[33mclass\u001b[39m=\u001b[32m\"relative h-full overflow-hidden\"\u001b[39m\n      \u001b[36m>\u001b[39m\n        \u001b[36m<div\u001b[39m\n          \u001b[33mclass\u001b[39m=\u001b[32m\"absolute left-1/2 -translate-x-1/2 z-50 flex items-center justify-center\"\u001b[39m\n          \u001b[33mstyle\u001b[39m=\u001b[32m\"opacity: 0; transform: translateY(-40px) scale(0.5);\"\u001b[39m\n        \u001b[36m>\u001b[39m\n          \u001b[36m<div\u001b[39m\n            \u001b[33mclass\u001b[39m=\u001b[32m\"relative w-10 h-10 flex items-center justify-center\"\u001b[39m\n          \u001b[36m>\u001b[39m\n            \u001b[36m<svg\u001b[39m\n              \u001b[33mclass\u001b[39m=\u001b[32m\"absolute w-10 h-10 -rotate-90\"\u001b[39m\n            \u001b[36m>\u001b[39m\n              \u001b[36m<circle\u001b[39m\n                \u001b[33mcx\u001b[39m=\u001b[32m\"20\"\u001b[39m\n                \u001b[33mcy\u001b[39m=\u001b[32m\"20\"\u001b[39m\n                \u001b[33mfill\u001b[39m=\u001b[32m\"none\"\u001b[39m\n                \u001b[33mr\u001b[39m=\u001b[32m\"16\"\u001b[39m\n                \u001b[33mstroke\u001b[39m=\u001b[32m\"hsl(var(--primary) / 0.2)\"\u001b[39m\n                \u001b[33mstroke-width\u001b[39m=\u001b[32m\"2.5\"\u001b[39m\n              \u001b[36m/>\u001b[39m\n              \u001b[36m<circle\u001b[39m\n                \u001b[33mcx\u001b[39m=\u001b[32m\"20\"\u001b[39m\n                \u001b[33mcy\u001b[39m=\u001b[32m\"20\"\u001b[39m\n                \u001b[33mfill\u001b[39m=\u001b[32m\"none\"\u001b[39m\n                \u001b[33mr\u001b[39m=\u001b[32m\"16\"\u001b[39m\n                \u001b[33mstroke\u001b[39m=\u001b[32m\"hsl(var(--primary))\"\u001b[39m\n                \u001b[33mstroke-dasharray\u001b[39m=\u001b[32m\"251\"\u001b[39m\n                \u001b[33mstroke-dashoffset\u001b[39m=\u001b[32m\"251\"\u001b[39m\n                \u001b[33mstroke-linecap\u001b[39m=\u001b[32m\"round\"\u001b[39m\n                \u001b[33mstroke-width\u001b[39m=\u001b[32m\"2.5\"\u001b[39m\n              \u001b[36m/>\u001b[39m\n            \u001b[36m</svg>\u001b[39m\n            \u001b[36m<div\u001b[39m\n              \u001b[33mstyle\u001b[39m=\u001b[32m\"transform: none;\"\u001b[39m\n            \u001b[36m>\u001b[39m\n              \u001b[36m<svg\u001b[39m\n                \u001b[33mclass\u001b[39m=\u001b[32m\"lucide lucide-refresh-cw w-4 h-4 text-primary\"\u001b[39m\n                \u001b[33mfill\u001b[39m=\u001b[32m\"none\"\u001b[39m\n                \u001b[33mheight\u001b[39m=\u001b[32m\"24\"\u001b[39m\n                \u001b[33mstroke\u001b[39m=\u001b[32m\"currentColor\"\u001b[39m\n                \u001b[33mstroke-linecap\u001b[39m=\u001b[32m\"round\"\u001b[39m\n                \u001b[33mstroke-linejoin\u001b[39m=\u001b[32m\"round\"\u001b[39m\n                \u001b[33mstroke-width\u001b[39m=\u001b[32m\"2.5\"\u001b[39m\n                \u001b[33mviewBox\u001b[39m=\u001b[32m\"0 0 24 24\"\u001b[39m\n                \u001b[33mwidth\u001b[39m=\u001b[32m\"24\"\u001b[39m\n                \u001b[33mxmlns\u001b[39m=\u001b[32m\"http://www.w3.org/2000/svg\"\u001b[39m\n              \u001b[36m>\u001b[39m\n                \u001b[36m<path\u001b[39m\n                  \u001b[33md\u001b[39m=\u001b[32m\"M3 12a9 9 0 0 1 9-9 9.75 9.75 0 0 1 6.74 2.74L21 8\"\u001b[39m\n                \u001b[36m/>\u001b[39m\n                \u001b[36m<path\u001b[39m\n                  \u001b[33md\u001b[39m=\u001b[32m\"M21 3v5h-5\"\u001b[39m\n                \u001b[36m/>\u001b[39m\n                \u001b[36m<path\u001b[39m\n                  \u001b[33md\u001b[39m=\u001b[32m\"M21 12a9 9 0 0 1-9 9 9.75 9.75 0 0 1-6.74-2.74L3 16\"\u001b[39m\n                \u001b[36m/>\u001b[39m\n                \u001b[36m<path\u001b[39m\n                  \u001b[33md\u001b[39m=\u001b[32m\"M8 16H3v5\"\u001b[39m\n                \u001b[36m/>\u001b[39m\n              \u001b[36m</svg>\u001b[39m\n            \u001b[36m</div>\u001b[39m\n          \u001b[36m</div>\u001b[39m\n        \u001b[36m</div>\u001b[39m\n        \u001b[36m<div\u001b[39m\n          \u001b[33mclass\u001b[39m=\u001b[32m\"h-full overflow-y-auto overscroll-none\"\u001b[39m\n          \u001b[33mstyle\u001b[39m=\u001b[32m\"transform: none;\"\u001b[39m\n        \u001b[36m>\u001b[39m\n          \u001b[36m<main\u001b[39m\n            \u001b[33mclass\u001b[39m=\u001b[32m\"pb-24 \"\u001b[39m\n            \u001b[33mstyle\u001b[39m=\u001b[32m\"opacity: 1;\"\u001b[39m\n          \u001b[36m>\u001b[39m\n            \u001b[36m<header\u001b[39m\n              \u001b[33mclass\u001b[39m=\u001b[32m\"sticky top-0 z-50 px-4 py-4 bg-background/95 backdrop-blur-xl border-b border-border/50\"\u001b[39m\n              \u001b[33mstyle\u001b[39m=\u001b[32m\"opacity: 1; transform: none;\"\u001b[39m\n            \u001b[36m>\u001b[39m\n              \u001b[36m<div\u001b[39m\n                \u001b[33mclass\u001b[39m=\u001b[32m\"flex items-center justify-between\"\u001b[39m\n              \u001b[36m>\u001b[39m\n                \u001b[36m<div\u001b[39m\n                  \u001b[33mclass\u001b[39m=\u001b[32m\"flex items-center gap-3\"\u001b[39m\n                \u001b[36m>\u001b[39m\n                  \u001b[36m<h1\u001b[39m\n                    \u001b[33mclass\u001b[39m=\u001b[32m\"text-lg font-bold text-foreground\"\u001b[39m\n                  \u001b[36m>\u001b[39m\n                    \u001b[0mSchedule Call\u001b[0m\n                  \u001b[36m</h1>\u001b[39m\n                \u001b[36m</div>\u001b[39m\n                \u001b[36m<div\u001b[39m\n                  \u001b[33mclass\u001b[39m=\u001b[32m\"flex items-center gap-2\"\u001b[39m\n                \u001b[36m/>\u001b[39m\n              \u001b[36m</div>\u001b[39m\n            \u001b[36m</header>\u001b[39m\n            \u001b[36m<div\u001b[39m\n              \u001b[33mclass\u001b[39m=\u001b[32m\"px-4 pb-32\"\u001b[39m\n            \u001b[36m>\u001b[39m\n              \u001b[36m<div\u001b[39m\n                \u001b[33mclass\u001b[39m=\u001b[32m\"mt-4\"\u001b[39m\n                \u001b[33mstyle\u001b[39m=\u001b[32m\"opacity: 1; transform: none;\"\u001b[39m\n              \u001b[36m>\u001b[39m\n                \u001b[36m<div\u001b[39m\n                  \u001b[33mclass\u001b[39m=\u001b[32m\"soft-card flex items-center gap-4\"\u001b[39m\n                \u001b[36m>\u001b[39m\n                  \u001b[36m<img\u001b[39m\n                    \u001b[33malt\u001b[39m=\u001b[32m\"Dr. Test User\"\u001b[39m\n                    \u001b[33mclass\u001b[39m=\u001b[32m\"w-16 h-16 rounded-2xl object-cover\"\u001b[39m\n                    \u001b[33msrc\u001b[39m=\u001b[32m\"https://example.com/doc.jpg\"\u001b[39m\n                  \u001b[36m/>\u001b[39m\n                  \u001b[36m<div\u001b[39m\n                    \u001b[33mclass\u001b[39m=\u001b[32m\"flex-1\"\u001b[39m\n                  \u001b[36m>\u001b[39m\n                    \u001b[36m<h3\u001b[39m\n                      \u001b[33mclass\u001b[39m=\u001b[32m\"font-semibold text-foreground\"\u001b[39m\n                    \u001b[36m>\u001b[39m\n                      \u001b[0mDr. Test User\u001b[0m\n                    \u001b[36m</h3>\u001b[39m\n                    \u001b[36m<p\u001b[39m\n                      \u001b[33mclass\u001b[39m=\u001b[32m\"text-xs text-muted-foreground\"\u001b[39m\n                    \u001b[36m>\u001b[39m\n                      \u001b[0mTestology\u001b[0m\n                    \u001b[36m</p>\u001b[39m\n                  \u001b[36m</div>\u001b[39m\n                  \u001b[36m<div\u001b[39m\n                    \u001b[33mclass\u001b[39m=\u001b[32m\"text-right\"\u001b[39m\n                  \u001b[36m>\u001b[39m\n                    \u001b[36m<span\u001b[39m\n                      \u001b[33mclass\u001b[39m=\u001b[32m\"text-sm font-semibold\"\u001b[39m\n                    \u001b[36m>\u001b[39m\n                      \u001b[36m<svg\u001b[39m\n                        \u001b[33mclass\u001b[39m=\u001b[32m\"lucide lucide-phone inline w-4 h-4 mr-1\"\u001b[39m\n                        \u001b[33mfill\u001b[39m=\u001b[32m\"none\"\u001b[39m\n                        \u001b[33mheight\u001b[39m=\u001b[32m\"24\"\u001b[39m\n                        \u001b[33mstroke\u001b[39m=\u001b[32m\"currentColor\"\u001b[39m\n                        \u001b[33mstroke-linecap\u001b[39m=\u001b[32m\"round\"\u001b[39m\n                        \u001b[33mstroke-linejoin\u001b[39m=\u001b[32m\"round\"\u001b[39m\n                        \u001b[33mstroke-width\u001b[39m=\u001b[32m\"2\"\u001b[39m\n                        \u001b[33mviewBox\u001b[39m=\u001b[32m\"0 0 24 24\"\u001b[39m\n                        \u001b[33mwidth\u001b[39m=\u001b[32m\"24\"\u001b[39m\n                        \u001b[33mxmlns\u001b[39m=\u001b[32m\"http://www.w3.org/2000/svg\"\u001b[39m\n                      \u001b[36m>\u001b[39m\n                        \u001b[36m<path\u001b[39m\n                          \u001b[33md\u001b[39m=\u001b[32m\"M22 16.92v3a2 2 0 0 1-2.18 2 19.79 19.79 0 0 1-8.63-3.07 19.5 19.5 0 0 1-6-6 19.79 19.79 0 0 1-3.07-8.67A2 2 0 0 1 4.11 2h3a2 2 0 0 1 2 1.72 12.84 12.84 0 0 0 .7 2.81 2 2 0 0 1-.45 2.11L8.09 9.91a16 ...\n\nIgnored nodes: comments, script, style\n\u001b[36m<body>\u001b[39m\n  \u001b[36m<div>\u001b[39m\n    \u001b[36m<div\u001b[39m\n      \u001b[33mclass\u001b[39m=\u001b[32m\"min-h-screen h-screen bg-background max-w-[430px] mx-auto relative overflow-hidden\"\u001b[39m\n    \u001b[36m>\u001b[39m\n      \u001b[36m<div\u001b[39m\n        \u001b[33mclass\u001b[39m=\u001b[32m\"relative h-full overflow-hidden\"\u001b[39m\n      \u001b[36m>\u001b[39m\n        \u001b[36m<div\u001b[39m\n          \u001b[33mclass\u001b[39m=\u001b[32m\"absolute left-1/2 -translate-x-1/2 z-50 flex items-center justify-center\"\u001b[39m\n          \u001b[33mstyle\u001b[39m=\u001b[32m\"opacity: 0; transform: translateY(-40px) scale(0.5);\"\u001b[39m\n        \u001b[36m>\u001b[39m\n          \u001b[36m<div\u001b[39m\n            \u001b[33mclass\u001b[39m=\u001b[32m\"relative w-10 h-10 flex items-center justify-center\"\u001b[39m\n          \u001b[36m>\u001b[39m\n            \u001b[36m<svg\u001b[39m\n              \u001b[33mclass\u001b[39m=\u001b[32m\"absolute w-10 h-10 -rotate-90\"\u001b[39m\n            \u001b[36m>\u001b[39m\n              \u001b[36m<circle\u001b[39m\n                \u001b[33mcx\u001b[39m=\u001b[32m\"20\"\u001b[39m\n                \u001b[33mcy\u001b[39m=\u001b[32m\"20\"\u001b[39m\n                \u001b[33mfill\u001b[39m=\u001b[32m\"none\"\u001b[39m\n                \u001b[33mr\u001b[39m=\u001b[32m\"16\"\u001b[39m\n                \u001b[33mstroke\u001b[39m=\u001b[32m\"hsl(var(--primary) / 0.2)\"\u001b[39m\n                \u001b[33mstroke-width\u001b[39m=\u001b[32m\"2.5\"\u001b[39m\n              \u001b[36m/>\u001b[39m\n              \u001b[36m<circle\u001b[39m\n                \u001b[33mcx\u001b[39m=\u001b[32m\"20\"\u001b[39m\n                \u001b[33mcy\u001b[39m=\u001b[32m\"20\"\u001b[39m\n                \u001b[33mfill\u001b[39m=\u001b[32m\"none\"\u001b[39m\n                \u001b[33mr\u001b[39m=\u001b[32m\"16\"\u001b[39m\n                \u001b[33mstroke\u001b[39m=\u001b[32m\"hsl(var(--primary))\"\u001b[39m\n                \u001b[33mstroke-dasharray\u001b[39m=\u001b[32m\"251\"\u001b[39m\n                \u001b[33mstroke-dashoffset\u001b[39m=\u001b[32m\"251\"\u001b[39m\n                \u001b[33mstroke-linecap\u001b[39m=\u001b[32m\"round\"\u001b[39m\n                \u001b[33mstroke-width\u001b[39m=\u001b[32m\"2.5\"\u001b[39m\n              \u001b[36m/>\u001b[39m\n            \u001b[36m</svg>\u001b[39m\n            \u001b[36m<div\u001b[39m\n              \u001b[33mstyle\u001b[39m=\u001b[32m\"transform: none;\"\u001b[39m\n            \u001b[36m>\u001b[39m\n              \u001b[36m<svg\u001b[39m\n                \u001b[33mclass\u001b[39m=\u001b[32m\"lucide lucide-refresh-cw w-4 h-4 text-primary\"\u001b[39m\n                \u001b[33mfill\u001b[39m=\u001b[32m\"none\"\u001b[39m\n                \u001b[33mheight\u001b[39m=\u001b[32m\"24\"\u001b[39m\n                \u001b[33mstroke\u001b[39m=\u001b[32m\"currentColor\"\u001b[39m\n                \u001b[33mstroke-linecap\u001b[39m=\u001b[32m\"round\"\u001b[39m\n                \u001b[33mstroke-linejoin\u001b[39m=\u001b[32m\"round\"\u001b[39m\n                \u001b[33mstroke-width\u001b[39m=\u001b[32m\"2.5\"\u001b[39m\n                \u001b[33mviewBox\u001b[39m=\u001b[32m\"0 0 24 24\"\u001b[39m\n                \u001b[33mwidth\u001b[39m=\u001b[32m\"24\"\u001b[39m\n                \u001b[33mxmlns\u001b[39m=\u001b[32m\"http://www.w3.org/2000/svg\"\u001b[39m\n              \u001b[36m>\u001b[39m\n                \u001b[36m<path\u001b[39m\n                  \u001b[33md\u001b[39m=\u001b[32m\"M3 12a9 9 0 0 1 9-9 9.75 9.75 0 0 1 6.74 2.74L21 8\"\u001b[39m\n                \u001b[36m/>\u001b[39m\n                \u001b[36m<path\u001b[39m\n                  \u001b[33md\u001b[39m=\u001b[32m\"M21 3v5h-5\"\u001b[39m\n                \u001b[36m/>\u001b[39m\n                \u001b[36m<path\u001b[39m\n                  \u001b[33md\u001b[39m=\u001b[32m\"M21 12a9 9 0 0 1-9 9 9.75 9.75 0 0 1-6.74-2.74L3 16\"\u001b[39m\n                \u001b[36m/>\u001b[39m\n                \u001b[36m<path\u001b[39m\n                  \u001b[33md\u001b[39m=\u001b[32m\"M8 16H3v5\"\u001b[39m\n                \u001b[36m/>\u001b[39m\n              \u001b[36m</svg>\u001b[39m\n            \u001b[36m</div>\u001b[39m\n          \u001b[36m</div>\u001b[39m\n        \u001b[36m</div>\u001b[39m\n        \u001b[36m<div\u001b[39m\n          \u001b[33mclass\u001b[39m=\u001b[32m\"h-full overflow-y-auto overscroll-none\"\u001b[39m\n          \u001b[33mstyle\u001b[39m=\u001b[32m\"transform: none;\"\u001b[39m\n        \u001b[36m>\u001b[39m\n          \u001b[36m<main\u001b[39m\n            \u001b[33mclass\u001b[39m=\u001b[32m\"pb-24 \"\u001b[39m\n            \u001b[33mstyle\u001b[39m=\u001b[32m\"opacity: 1;\"\u001b[39m\n          \u001b[36m>\u001b[39m\n            \u001b[36m<header\u001b[39m\n              \u001b[33mclass\u001b[39m=\u001b[32m\"sticky top-0 z-50 px-4 py-4 bg-background/95 backdrop-blur-xl border-b border-border/50\"\u001b[39m\n              \u001b[33mstyle\u001b[39m=\u001b[32m\"opacity: 1; transform: none;\"\u001b[39m\n            \u001b[36m>\u001b[39m\n              \u001b[36m<div\u001b[39m\n                \u001b[33mclass\u001b[39m=\u001b[32m\"flex items-center justify-between\"\u001b[39m\n              \u001b[36m>\u001b[39m\n                \u001b[36m<div\u001b[39m\n                  \u001b[33mclass\u001b[39m=\u001b[32m\"flex items-center gap-3\"\u001b[39m\n                \u001b[36m>\u001b[39m\n                  \u001b[36m<h1\u001b[39m\n                    \u001b[33mclass\u001b[39m=\u001b[32m\"text-lg font-bold text-foreground\"\u001b[39m\n                  \u001b[36m>\u001b[39m\n                    \u001b[0mSchedule Call\u001b[0m\n                  \u001b[36m</h1>\u001b[39m\n                \u001b[36m</div>\u001b[39m\n                \u001b[36m<div\u001b[39m\n                  \u001b[33mclass\u001b[39m=\u001b[32m\"flex items-center gap-2\"\u001b[39m\n                \u001b[36m/>\u001b[39m\n              \u001b[36m</div>\u001b[39m\n            \u001b[36m</header>\u001b[39m\n            \u001b[36m<div\u001b[39m\n              \u001b[33mclass\u001b[39m=\u001b[32m\"px-4 pb-32\"\u001b[39m\n            \u001b[36m>\u001b[39m\n              \u001b[36m<div\u001b[39m\n                \u001b[33mclass\u001b[39m=\u001b[32m\"mt-4\"\u001b[39m\n                \u001b[33mstyle\u001b[39m=\u001b[32m\"opacity: 1; transform: none;\"\u001b[39m\n              \u001b[36m>\u001b[39m\n                \u001b[36m<div\u001b[39m\n                  \u001b[33mclass\u001b[39m=\u001b[32m\"soft-card flex items-center gap-4\"\u001b[39m\n                \u001b[36m>\u001b[39m\n                  \u001b[36m<img\u001b[39m\n                    \u001b[33malt\u001b[39m=\u001b[32m\"Dr. Test User\"\u001b[39m\n                    \u001b[33mclass\u001b[39m=\u001b[32m\"w-16 h-16 rounded-2xl object-cover\"\u001b[39m\n                    \u001b[33msrc\u001b[39m=\u001b[32m\"https://example.com/doc.jpg\"\u001b[39m\n                  \u001b[36m/>\u001b[39m\n                  \u001b[36m<div\u001b[39m\n                    \u001b[33mclass\u001b[39m=\u001b[32m\"flex-1\"\u001b[39m\n                  \u001b[36m>\u001b[39m\n                    \u001b[36m<h3\u001b[39m\n                      \u001b[33mclass\u001b[39m=\u001b[32m\"font-semibold text-foreground\"\u001b[39m\n                    \u001b[36m>\u001b[39m\n                      \u001b[0mDr. Test User\u001b[0m\n                    \u001b[36m</h3>\u001b[39m\n                    \u001b[36m<p\u001b[39m\n                      \u001b[33mclass\u001b[39m=\u001b[32m\"text-xs text-muted-foreground\"\u001b[39m\n                    \u001b[36m>\u001b[39m\n                      \u001b[0mTestology\u001b[0m\n                    \u001b[36m</p>\u001b[39m\n                  \u001b[36m</div>\u001b[39m\n                  \u001b[36m<div\u001b[39m\n                    \u001b[33mclass\u001b[39m=\u001b[32m\"text-right\"\u001b[39m\n                  \u001b[36m>\u001b[39m\n                    \u001b[36m<span\u001b[39m\n                      \u001b[33mclass\u001b[39m=\u001b[32m\"text-sm font-semibold\"\u001b[39m\n                    \u001b[36m>\u001b[39m\n                      \u001b[36m<svg\u001b[39m\n                        \u001b[33mclass\u001b[39m=\u001b[32m\"lucide lucide-phone inline w-4 h-4 mr-1\"\u001b[39m\n                        \u001b[33mfill\u001b[39m=\u001b[32m\"none\"\u001b[39m\n                        \u001b[33mheight\u001b[39m=\u001b[32m\"24\"\u001b[39m\n                        \u001b[33mstroke\u001b[39m=\u001b[32m\"currentColor\"\u001b[39m\n                        \u001b[33mstroke-linecap\u001b[39m=\u001b[32m\"round\"\u001b[39m\n                        \u001b[33mstroke-linejoin\u001b[39m=\u001b[32m\"round\"\u001b[39m\n                        \u001b[33mstroke-width\u001b[39m=\u001b[32m\"2\"\u001b[39m\n                        \u001b[33mviewBox\u001b[39m=\u001b[32m\"0 0 24 24\"\u001b[39m\n                        \u001b[33mwidth\u001b[39m=\u001b[32m\"24\"\u001b[39m\n                        \u001b[33mxmlns\u001b[39m=\u001b[32m\"http://www.w3.org/2000/svg\"\u001b[39m\n                      \u001b[36m>\u001b[39m\n                        \u001b[36m<path\u001b[39m\n                          \u001b[33md\u001b[39m=\u001b[32m\"M22 16.92v3a2 2 0 0 1-2.18 2 19.79 19.79 0 0 1-8.63-3.07 19.5 19.5 0 0 1-6-6 19.79 19.79 0 0 1-3.07-8.67A2 2 0 0 1 4.11 2h3a2 2 0 0 1 2 1.72 12.84 12.84 0 0 0 .7 2.81 2 2 0 0 1-.45 2.11L8.09 9.91a16 ..."],"location":{"line":163,"column":27}}],"startTime":1771087143786,"endTime":1771087145132,"status":"failed","message":"","name":"/workspaces/healthswift-mobile-design/src/__tests__/consultationBooking.test.tsx"},{"assertionResults":[{"ancestorTitles":["","DoctorConsultScreen"],"fullName":" DoctorConsultScreen shows specialization-specific empty state when selected category has no doctors (Dental)","status":"passed","title":"shows specialization-specific empty state when selected category has no doctors (Dental)","duration":177,"failureMessages":[]}],"startTime":1771087147273,"endTime":1771087147450,"status":"passed","message":"","name":"/workspaces/healthswift-mobile-design/src/__tests__/doctorConsult.test.tsx"},{"assertionResults":[{"ancestorTitles":["","Health Packages Feature"],"fullName":" Health Packages Feature should render Health Packages section on home screen","status":"failed","title":"should render Health Packages section on home screen","duration":33,"failureMessages":["useNotifications must be used within a NotificationProvider"],"location":{"line":193,"column":11}},{"ancestorTitles":["","Health Packages Feature"],"fullName":" Health Packages Feature should display health packages with name, tests count, and price","status":"failed","title":"should display health packages with name, tests count, and price","duration":4,"failureMessages":["useNotifications must be used within a NotificationProvider"],"location":{"line":193,"column":11}},{"ancestorTitles":["","Health Packages Feature"],"fullName":" Health Packages Feature should navigate to package detail when clicking on a package","status":"failed","title":"should navigate to package detail when clicking on a package","duration":5,"failureMessages":["useNotifications must be used within a NotificationProvider"],"location":{"line":193,"column":11}},{"ancestorTitles":["","Health Packages Feature"],"fullName":" Health Packages Feature should display all package details on package detail screen","status":"failed","title":"should display all package details on package detail screen","duration":1056,"failureMessages":["Unable to find an element with the text: Full Body Checkup. This could be because the text is broken up by multiple elements. In this case, you can provide a function for your text matcher to make your matcher more flexible.\n\nIgnored nodes: comments, script, style\n\u001b[36m<body>\u001b[39m\n  \u001b[36m<div>\u001b[39m\n    \u001b[36m<div\u001b[39m\n      \u001b[33mclass\u001b[39m=\u001b[32m\"min-h-screen h-screen bg-background max-w-[430px] mx-auto relative overflow-hidden\"\u001b[39m\n    \u001b[36m>\u001b[39m\n      \u001b[36m<div\u001b[39m\n        \u001b[33mclass\u001b[39m=\u001b[32m\"relative h-full overflow-hidden\"\u001b[39m\n      \u001b[36m>\u001b[39m\n        \u001b[36m<div\u001b[39m\n          \u001b[33mclass\u001b[39m=\u001b[32m\"absolute left-1/2 -translate-x-1/2 z-50 flex items-center justify-center\"\u001b[39m\n          \u001b[33mstyle\u001b[39m=\u001b[32m\"opacity: 0; transform: translateY(-40px) scale(0.5);\"\u001b[39m\n        \u001b[36m>\u001b[39m\n          \u001b[36m<div\u001b[39m\n            \u001b[33mclass\u001b[39m=\u001b[32m\"relative w-10 h-10 flex items-center justify-center\"\u001b[39m\n          \u001b[36m>\u001b[39m\n            \u001b[36m<svg\u001b[39m\n              \u001b[33mclass\u001b[39m=\u001b[32m\"absolute w-10 h-10 -rotate-90\"\u001b[39m\n            \u001b[36m>\u001b[39m\n              \u001b[36m<circle\u001b[39m\n                \u001b[33mcx\u001b[39m=\u001b[32m\"20\"\u001b[39m\n                \u001b[33mcy\u001b[39m=\u001b[32m\"20\"\u001b[39m\n                \u001b[33mfill\u001b[39m=\u001b[32m\"none\"\u001b[39m\n                \u001b[33mr\u001b[39m=\u001b[32m\"16\"\u001b[39m\n                \u001b[33mstroke\u001b[39m=\u001b[32m\"hsl(var(--primary) / 0.2)\"\u001b[39m\n                \u001b[33mstroke-width\u001b[39m=\u001b[32m\"2.5\"\u001b[39m\n              \u001b[36m/>\u001b[39m\n              \u001b[36m<circle\u001b[39m\n                \u001b[33mcx\u001b[39m=\u001b[32m\"20\"\u001b[39m\n                \u001b[33mcy\u001b[39m=\u001b[32m\"20\"\u001b[39m\n                \u001b[33mfill\u001b[39m=\u001b[32m\"none\"\u001b[39m\n                \u001b[33mr\u001b[39m=\u001b[32m\"16\"\u001b[39m\n                \u001b[33mstroke\u001b[39m=\u001b[32m\"hsl(var(--primary))\"\u001b[39m\n                \u001b[33mstroke-dasharray\u001b[39m=\u001b[32m\"251\"\u001b[39m\n                \u001b[33mstroke-dashoffset\u001b[39m=\u001b[32m\"251\"\u001b[39m\n                \u001b[33mstroke-linecap\u001b[39m=\u001b[32m\"round\"\u001b[39m\n                \u001b[33mstroke-width\u001b[39m=\u001b[32m\"2.5\"\u001b[39m\n              \u001b[36m/>\u001b[39m\n            \u001b[36m</svg>\u001b[39m\n            \u001b[36m<div\u001b[39m\n              \u001b[33mstyle\u001b[39m=\u001b[32m\"transform: none;\"\u001b[39m\n            \u001b[36m>\u001b[39m\n              \u001b[36m<svg\u001b[39m\n                \u001b[33mclass\u001b[39m=\u001b[32m\"lucide lucide-refresh-cw w-4 h-4 text-primary\"\u001b[39m\n                \u001b[33mfill\u001b[39m=\u001b[32m\"none\"\u001b[39m\n                \u001b[33mheight\u001b[39m=\u001b[32m\"24\"\u001b[39m\n                \u001b[33mstroke\u001b[39m=\u001b[32m\"currentColor\"\u001b[39m\n                \u001b[33mstroke-linecap\u001b[39m=\u001b[32m\"round\"\u001b[39m\n                \u001b[33mstroke-linejoin\u001b[39m=\u001b[32m\"round\"\u001b[39m\n                \u001b[33mstroke-width\u001b[39m=\u001b[32m\"2.5\"\u001b[39m\n                \u001b[33mviewBox\u001b[39m=\u001b[32m\"0 0 24 24\"\u001b[39m\n                \u001b[33mwidth\u001b[39m=\u001b[32m\"24\"\u001b[39m\n                \u001b[33mxmlns\u001b[39m=\u001b[32m\"http://www.w3.org/2000/svg\"\u001b[39m\n              \u001b[36m>\u001b[39m\n                \u001b[36m<path\u001b[39m\n                  \u001b[33md\u001b[39m=\u001b[32m\"M3 12a9 9 0 0 1 9-9 9.75 9.75 0 0 1 6.74 2.74L21 8\"\u001b[39m\n                \u001b[36m/>\u001b[39m\n                \u001b[36m<path\u001b[39m\n                  \u001b[33md\u001b[39m=\u001b[32m\"M21 3v5h-5\"\u001b[39m\n                \u001b[36m/>\u001b[39m\n                \u001b[36m<path\u001b[39m\n                  \u001b[33md\u001b[39m=\u001b[32m\"M21 12a9 9 0 0 1-9 9 9.75 9.75 0 0 1-6.74-2.74L3 16\"\u001b[39m\n                \u001b[36m/>\u001b[39m\n                \u001b[36m<path\u001b[39m\n                  \u001b[33md\u001b[39m=\u001b[32m\"M8 16H3v5\"\u001b[39m\n                \u001b[36m/>\u001b[39m\n              \u001b[36m</svg>\u001b[39m\n            \u001b[36m</div>\u001b[39m\n          \u001b[36m</div>\u001b[39m\n        \u001b[36m</div>\u001b[39m\n        \u001b[36m<div\u001b[39m\n          \u001b[33mclass\u001b[39m=\u001b[32m\"h-full overflow-y-auto overscroll-none\"\u001b[39m\n          \u001b[33mstyle\u001b[39m=\u001b[32m\"transform: none;\"\u001b[39m\n        \u001b[36m>\u001b[39m\n          \u001b[36m<main\u001b[39m\n            \u001b[33mclass\u001b[39m=\u001b[32m\"pb-24 \"\u001b[39m\n            \u001b[33mstyle\u001b[39m=\u001b[32m\"opacity: 1;\"\u001b[39m\n          \u001b[36m>\u001b[39m\n            \u001b[36m<header\u001b[39m\n              \u001b[33mclass\u001b[39m=\u001b[32m\"sticky top-0 z-50 px-4 py-4 bg-background/95 backdrop-blur-xl border-b border-border/50\"\u001b[39m\n              \u001b[33mstyle\u001b[39m=\u001b[32m\"opacity: 1; transform: none;\"\u001b[39m\n            \u001b[36m>\u001b[39m\n              \u001b[36m<div\u001b[39m\n                \u001b[33mclass\u001b[39m=\u001b[32m\"flex items-center justify-between\"\u001b[39m\n              \u001b[36m>\u001b[39m\n                \u001b[36m<div\u001b[39m\n                  \u001b[33mclass\u001b[39m=\u001b[32m\"flex items-center gap-3\"\u001b[39m\n                \u001b[36m>\u001b[39m\n                  \u001b[36m<button\u001b[39m\n                    \u001b[33mclass\u001b[39m=\u001b[32m\"icon-btn\"\u001b[39m\n                  \u001b[36m>\u001b[39m\n                    \u001b[36m<svg\u001b[39m\n                      \u001b[33mclass\u001b[39m=\u001b[32m\"lucide lucide-arrow-left w-5 h-5 text-foreground\"\u001b[39m\n                      \u001b[33mfill\u001b[39m=\u001b[32m\"none\"\u001b[39m\n                      \u001b[33mheight\u001b[39m=\u001b[32m\"24\"\u001b[39m\n                      \u001b[33mstroke\u001b[39m=\u001b[32m\"currentColor\"\u001b[39m\n                      \u001b[33mstroke-linecap\u001b[39m=\u001b[32m\"round\"\u001b[39m\n                      \u001b[33mstroke-linejoin\u001b[39m=\u001b[32m\"round\"\u001b[39m\n                      \u001b[33mstroke-width\u001b[39m=\u001b[32m\"2\"\u001b[39m\n                      \u001b[33mviewBox\u001b[39m=\u001b[32m\"0 0 24 24\"\u001b[39m\n                      \u001b[33mwidth\u001b[39m=\u001b[32m\"24\"\u001b[39m\n                      \u001b[33mxmlns\u001b[39m=\u001b[32m\"http://www.w3.org/2000/svg\"\u001b[39m\n                    \u001b[36m>\u001b[39m\n                      \u001b[36m<path\u001b[39m\n                        \u001b[33md\u001b[39m=\u001b[32m\"m12 19-7-7 7-7\"\u001b[39m\n                      \u001b[36m/>\u001b[39m\n                      \u001b[36m<path\u001b[39m\n                        \u001b[33md\u001b[39m=\u001b[32m\"M19 12H5\"\u001b[39m\n                      \u001b[36m/>\u001b[39m\n                    \u001b[36m</svg>\u001b[39m\n                  \u001b[36m</button>\u001b[39m\n                  \u001b[36m<h1\u001b[39m\n                    \u001b[33mclass\u001b[39m=\u001b[32m\"text-lg font-bold text-foreground\"\u001b[39m\n                  \u001b[36m>\u001b[39m\n                    \u001b[0mPackage Details\u001b[0m\n                  \u001b[36m</h1>\u001b[39m\n                \u001b[36m</div>\u001b[39m\n                \u001b[36m<div\u001b[39m\n                  \u001b[33mclass\u001b[39m=\u001b[32m\"flex items-center gap-2\"\u001b[39m\n                \u001b[36m/>\u001b[39m\n              \u001b[36m</div>\u001b[39m\n            \u001b[36m</header>\u001b[39m\n            \u001b[36m<div\u001b[39m\n              \u001b[33mclass\u001b[39m=\u001b[32m\"flex flex-col items-center justify-center h-[60vh] px-4 text-center\"\u001b[39m\n            \u001b[36m>\u001b[39m\n              \u001b[36m<svg\u001b[39m\n                \u001b[33mclass\u001b[39m=\u001b[32m\"lucide lucide-circle-alert w-12 h-12 text-muted-foreground mb-4\"\u001b[39m\n                \u001b[33mfill\u001b[39m=\u001b[32m\"none\"\u001b[39m\n                \u001b[33mheight\u001b[39m=\u001b[32m\"24\"\u001b[39m\n                \u001b[33mstroke\u001b[39m=\u001b[32m\"currentColor\"\u001b[39m\n                \u001b[33mstroke-linecap\u001b[39m=\u001b[32m\"round\"\u001b[39m\n                \u001b[33mstroke-linejoin\u001b[39m=\u001b[32m\"round\"\u001b[39m\n                \u001b[33mstroke-width\u001b[39m=\u001b[32m\"2\"\u001b[39m\n                \u001b[33mviewBox\u001b[39m=\u001b[32m\"0 0 24 24\"\u001b[39m\n                \u001b[33mwidth\u001b[39m=\u001b[32m\"24\"\u001b[39m\n                \u001b[33mxmlns\u001b[39m=\u001b[32m\"http://www.w3.org/2000/svg\"\u001b[39m\n              \u001b[36m>\u001b[39m\n                \u001b[36m<circle\u001b[39m\n                  \u001b[33mcx\u001b[39m=\u001b[32m\"12\"\u001b[39m\n                  \u001b[33mcy\u001b[39m=\u001b[32m\"12\"\u001b[39m\n                  \u001b[33mr\u001b[39m=\u001b[32m\"10\"\u001b[39m\n                \u001b[36m/>\u001b[39m\n                \u001b[36m<line\u001b[39m\n                  \u001b[33mx1\u001b[39m=\u001b[32m\"12\"\u001b[39m\n                  \u001b[33mx2\u001b[39m=\u001b[32m\"12\"\u001b[39m\n                  \u001b[33my1\u001b[39m=\u001b[32m\"8\"\u001b[39m\n                  \u001b[33my2\u001b[39m=\u001b[32m\"12\"\u001b[39m\n                \u001b[36m/>\u001b[39m\n                \u001b[36m<line\u001b[39m\n                  \u001b[33mx1\u001b[39m=\u001b[32m\"12\"\u001b[39m\n                  \u001b[33mx2\u001b[39m=\u001b[32m\"12.01\"\u001b[39m...\n\nIgnored nodes: comments, script, style\n\u001b[36m<html>\u001b[39m\n  \u001b[36m<head />\u001b[39m\n  \u001b[36m<body>\u001b[39m\n    \u001b[36m<div>\u001b[39m\n      \u001b[36m<div\u001b[39m\n        \u001b[33mclass\u001b[39m=\u001b[32m\"min-h-screen h-screen bg-background max-w-[430px] mx-auto relative overflow-hidden\"\u001b[39m\n      \u001b[36m>\u001b[39m\n        \u001b[36m<div\u001b[39m\n          \u001b[33mclass\u001b[39m=\u001b[32m\"relative h-full overflow-hidden\"\u001b[39m\n        \u001b[36m>\u001b[39m\n          \u001b[36m<div\u001b[39m\n            \u001b[33mclass\u001b[39m=\u001b[32m\"absolute left-1/2 -translate-x-1/2 z-50 flex items-center justify-center\"\u001b[39m\n            \u001b[33mstyle\u001b[39m=\u001b[32m\"opacity: 0; transform: translateY(-40px) scale(0.5);\"\u001b[39m\n          \u001b[36m>\u001b[39m\n            \u001b[36m<div\u001b[39m\n              \u001b[33mclass\u001b[39m=\u001b[32m\"relative w-10 h-10 flex items-center justify-center\"\u001b[39m\n            \u001b[36m>\u001b[39m\n              \u001b[36m<svg\u001b[39m\n                \u001b[33mclass\u001b[39m=\u001b[32m\"absolute w-10 h-10 -rotate-90\"\u001b[39m\n              \u001b[36m>\u001b[39m\n                \u001b[36m<circle\u001b[39m\n                  \u001b[33mcx\u001b[39m=\u001b[32m\"20\"\u001b[39m\n                  \u001b[33mcy\u001b[39m=\u001b[32m\"20\"\u001b[39m\n                  \u001b[33mfill\u001b[39m=\u001b[32m\"none\"\u001b[39m\n                  \u001b[33mr\u001b[39m=\u001b[32m\"16\"\u001b[39m\n                  \u001b[33mstroke\u001b[39m=\u001b[32m\"hsl(var(--primary) / 0.2)\"\u001b[39m\n                  \u001b[33mstroke-width\u001b[39m=\u001b[32m\"2.5\"\u001b[39m\n                \u001b[36m/>\u001b[39m\n                \u001b[36m<circle\u001b[39m\n                  \u001b[33mcx\u001b[39m=\u001b[32m\"20\"\u001b[39m\n                  \u001b[33mcy\u001b[39m=\u001b[32m\"20\"\u001b[39m\n                  \u001b[33mfill\u001b[39m=\u001b[32m\"none\"\u001b[39m\n                  \u001b[33mr\u001b[39m=\u001b[32m\"16\"\u001b[39m\n                  \u001b[33mstroke\u001b[39m=\u001b[32m\"hsl(var(--primary))\"\u001b[39m\n                  \u001b[33mstroke-dasharray\u001b[39m=\u001b[32m\"251\"\u001b[39m\n                  \u001b[33mstroke-dashoffset\u001b[39m=\u001b[32m\"251\"\u001b[39m\n                  \u001b[33mstroke-linecap\u001b[39m=\u001b[32m\"round\"\u001b[39m\n                  \u001b[33mstroke-width\u001b[39m=\u001b[32m\"2.5\"\u001b[39m\n                \u001b[36m/>\u001b[39m\n              \u001b[36m</svg>\u001b[39m\n              \u001b[36m<div\u001b[39m\n                \u001b[33mstyle\u001b[39m=\u001b[32m\"transform: none;\"\u001b[39m\n              \u001b[36m>\u001b[39m\n                \u001b[36m<svg\u001b[39m\n                  \u001b[33mclass\u001b[39m=\u001b[32m\"lucide lucide-refresh-cw w-4 h-4 text-primary\"\u001b[39m\n                  \u001b[33mfill\u001b[39m=\u001b[32m\"none\"\u001b[39m\n                  \u001b[33mheight\u001b[39m=\u001b[32m\"24\"\u001b[39m\n                  \u001b[33mstroke\u001b[39m=\u001b[32m\"currentColor\"\u001b[39m\n                  \u001b[33mstroke-linecap\u001b[39m=\u001b[32m\"round\"\u001b[39m\n                  \u001b[33mstroke-linejoin\u001b[39m=\u001b[32m\"round\"\u001b[39m\n                  \u001b[33mstroke-width\u001b[39m=\u001b[32m\"2.5\"\u001b[39m\n                  \u001b[33mviewBox\u001b[39m=\u001b[32m\"0 0 24 24\"\u001b[39m\n                  \u001b[33mwidth\u001b[39m=\u001b[32m\"24\"\u001b[39m\n                  \u001b[33mxmlns\u001b[39m=\u001b[32m\"http://www.w3.org/2000/svg\"\u001b[39m\n                \u001b[36m>\u001b[39m\n                  \u001b[36m<path\u001b[39m\n                    \u001b[33md\u001b[39m=\u001b[32m\"M3 12a9 9 0 0 1 9-9 9.75 9.75 0 0 1 6.74 2.74L21 8\"\u001b[39m\n                  \u001b[36m/>\u001b[39m\n                  \u001b[36m<path\u001b[39m\n                    \u001b[33md\u001b[39m=\u001b[32m\"M21 3v5h-5\"\u001b[39m\n                  \u001b[36m/>\u001b[39m\n                  \u001b[36m<path\u001b[39m\n                    \u001b[33md\u001b[39m=\u001b[32m\"M21 12a9 9 0 0 1-9 9 9.75 9.75 0 0 1-6.74-2.74L3 16\"\u001b[39m\n                  \u001b[36m/>\u001b[39m\n                  \u001b[36m<path\u001b[39m\n                    \u001b[33md\u001b[39m=\u001b[32m\"M8 16H3v5\"\u001b[39m\n                  \u001b[36m/>\u001b[39m\n                \u001b[36m</svg>\u001b[39m\n              \u001b[36m</div>\u001b[39m\n            \u001b[36m</div>\u001b[39m\n          \u001b[36m</div>\u001b[39m\n          \u001b[36m<div\u001b[39m\n            \u001b[33mclass\u001b[39m=\u001b[32m\"h-full overflow-y-auto overscroll-none\"\u001b[39m\n            \u001b[33mstyle\u001b[39m=\u001b[32m\"transform: none;\"\u001b[39m\n          \u001b[36m>\u001b[39m\n            \u001b[36m<main\u001b[39m\n              \u001b[33mclass\u001b[39m=\u001b[32m\"pb-24 \"\u001b[39m\n              \u001b[33mstyle\u001b[39m=\u001b[32m\"opacity: 1;\"\u001b[39m\n            \u001b[36m>\u001b[39m\n              \u001b[36m<header\u001b[39m\n                \u001b[33mclass\u001b[39m=\u001b[32m\"sticky top-0 z-50 px-4 py-4 bg-background/95 backdrop-blur-xl border-b border-border/50\"\u001b[39m\n                \u001b[33mstyle\u001b[39m=\u001b[32m\"opacity: 1; transform: none;\"\u001b[39m\n              \u001b[36m>\u001b[39m\n                \u001b[36m<div\u001b[39m\n                  \u001b[33mclass\u001b[39m=\u001b[32m\"flex items-center justify-between\"\u001b[39m\n                \u001b[36m>\u001b[39m\n                  \u001b[36m<div\u001b[39m\n                    \u001b[33mclass\u001b[39m=\u001b[32m\"flex items-center gap-3\"\u001b[39m\n                  \u001b[36m>\u001b[39m\n                    \u001b[36m<button\u001b[39m\n                      \u001b[33mclass\u001b[39m=\u001b[32m\"icon-btn\"\u001b[39m\n                    \u001b[36m>\u001b[39m\n                      \u001b[36m<svg\u001b[39m\n                        \u001b[33mclass\u001b[39m=\u001b[32m\"lucide lucide-arrow-left w-5 h-5 text-foreground\"\u001b[39m\n                        \u001b[33mfill\u001b[39m=\u001b[32m\"none\"\u001b[39m\n                        \u001b[33mheight\u001b[39m=\u001b[32m\"24\"\u001b[39m\n                        \u001b[33mstroke\u001b[39m=\u001b[32m\"currentColor\"\u001b[39m\n                        \u001b[33mstroke-linecap\u001b[39m=\u001b[32m\"round\"\u001b[39m\n                        \u001b[33mstroke-linejoin\u001b[39m=\u001b[32m\"round\"\u001b[39m\n                        \u001b[33mstroke-width\u001b[39m=\u001b[32m\"2\"\u001b[39m\n                        \u001b[33mviewBox\u001b[39m=\u001b[32m\"0 0 24 24\"\u001b[39m\n                        \u001b[33mwidth\u001b[39m=\u001b[32m\"24\"\u001b[39m\n                        \u001b[33mxmlns\u001b[39m=\u001b[32m\"http://www.w3.org/2000/svg\"\u001b[39m\n                      \u001b[36m>\u001b[39m\n                        \u001b[36m<path\u001b[39m\n                          \u001b[33md\u001b[39m=\u001b[32m\"m12 19-7-7 7-7\"\u001b[39m\n                        \u001b[36m/>\u001b[39m\n                        \u001b[36m<path\u001b[39m\n                          \u001b[33md\u001b[39m=\u001b[32m\"M19 12H5\"\u001b[39m\n                        \u001b[36m/>\u001b[39m\n                      \u001b[36m</svg>\u001b[39m\n                    \u001b[36m</button>\u001b[39m\n                    \u001b[36m<h1\u001b[39m\n                      \u001b[33mclass\u001b[39m=\u001b[32m\"text-lg font-bold text-foreground\"\u001b[39m\n                    \u001b[36m>\u001b[39m\n                      \u001b[0mPackage Details\u001b[0m\n                    \u001b[36m</h1>\u001b[39m\n                  \u001b[36m</div>\u001b[39m\n                  \u001b[36m<div\u001b[39m\n                    \u001b[33mclass\u001b[39m=\u001b[32m\"flex items-center gap-2\"\u001b[39m\n                  \u001b[36m/>\u001b[39m\n                \u001b[36m</div>\u001b[39m\n              \u001b[36m</header>\u001b[39m\n              \u001b[36m<div\u001b[39m\n                \u001b[33mclass\u001b[39m=\u001b[32m\"flex flex-col items-center justify-center h-[60vh] px-4 text-center\"\u001b[39m\n              \u001b[36m>\u001b[39m\n                \u001b[36m<svg\u001b[39m\n                  \u001b[33mclass\u001b[39m=\u001b[32m\"lucide lucide-circle-alert w-12 h-12 text-muted-foreground mb-4\"\u001b[39m\n                  \u001b[33mfill\u001b[39m=\u001b[32m\"none\"\u001b[39m\n                  \u001b[33mheight\u001b[39m=\u001b[32m\"24\"\u001b[39m\n                  \u001b[33mstroke\u001b[39m=\u001b[32m\"currentColor\"\u001b[39m\n                  \u001b[33mstroke-linecap\u001b[39m=\u001b[32m\"round\"\u001b[39m\n                  \u001b[33mstroke-linejoin\u001b[39m=\u001b[32m\"round\"\u001b[39m\n                  \u001b[33mstroke-width\u001b[39m=\u001b[32m\"2\"\u001b[39m\n                  \u001b[33mviewBox\u001b[39m=\u001b[32m\"0 0 24 24\"\u001b[39m\n                  \u001b[33mwidth\u001b[39m=\u001b[32m\"24\"\u001b[39m\n                  \u001b[33mxmlns\u001b[39m=\u001b[32m\"http://www.w3.org/2000/svg\"\u001b[39m\n                \u001b[36m>\u001b[39m\n                  \u001b[36m<circle\u001b[39m\n                    \u001b[33mcx\u001b[39m=\u001b[32m\"12\"\u001b[39m\n                    \u001b[33mcy\u001b[39m=\u001b[32m\"12\"\u001b[39m\n                    \u001b[33mr\u001b[39m=\u001b[32m\"10\"\u001b[39m\n                  \u001b[36m/>\u001b[39m\n                  \u001b[36m<line\u001b[39m\n                ..."],"location":{"line":163,"column":27}},{"ancestorTitles":["","Health Packages Feature"],"fullName":" Health Packages Feature should display lab information if package is from a specific lab","status":"failed","title":"should display lab information if package is from a specific lab","duration":1022,"failureMessages":["Unable to find an element with the text: /Dr. Lal PathLabs/. This could be because the text is broken up by multiple elements. In this case, you can provide a function for your text matcher to make your matcher more flexible.\n\nIgnored nodes: comments, script, style\n\u001b[36m<body>\u001b[39m\n  \u001b[36m<div>\u001b[39m\n    \u001b[36m<div\u001b[39m\n      \u001b[33mclass\u001b[39m=\u001b[32m\"min-h-screen h-screen bg-background max-w-[430px] mx-auto relative overflow-hidden\"\u001b[39m\n    \u001b[36m>\u001b[39m\n      \u001b[36m<div\u001b[39m\n        \u001b[33mclass\u001b[39m=\u001b[32m\"relative h-full overflow-hidden\"\u001b[39m\n      \u001b[36m>\u001b[39m\n        \u001b[36m<div\u001b[39m\n          \u001b[33mclass\u001b[39m=\u001b[32m\"absolute left-1/2 -translate-x-1/2 z-50 flex items-center justify-center\"\u001b[39m\n          \u001b[33mstyle\u001b[39m=\u001b[32m\"opacity: 0; transform: translateY(-40px) scale(0.5);\"\u001b[39m\n        \u001b[36m>\u001b[39m\n          \u001b[36m<div\u001b[39m\n            \u001b[33mclass\u001b[39m=\u001b[32m\"relative w-10 h-10 flex items-center justify-center\"\u001b[39m\n          \u001b[36m>\u001b[39m\n            \u001b[36m<svg\u001b[39m\n              \u001b[33mclass\u001b[39m=\u001b[32m\"absolute w-10 h-10 -rotate-90\"\u001b[39m\n            \u001b[36m>\u001b[39m\n              \u001b[36m<circle\u001b[39m\n                \u001b[33mcx\u001b[39m=\u001b[32m\"20\"\u001b[39m\n                \u001b[33mcy\u001b[39m=\u001b[32m\"20\"\u001b[39m\n                \u001b[33mfill\u001b[39m=\u001b[32m\"none\"\u001b[39m\n                \u001b[33mr\u001b[39m=\u001b[32m\"16\"\u001b[39m\n                \u001b[33mstroke\u001b[39m=\u001b[32m\"hsl(var(--primary) / 0.2)\"\u001b[39m\n                \u001b[33mstroke-width\u001b[39m=\u001b[32m\"2.5\"\u001b[39m\n              \u001b[36m/>\u001b[39m\n              \u001b[36m<circle\u001b[39m\n                \u001b[33mcx\u001b[39m=\u001b[32m\"20\"\u001b[39m\n                \u001b[33mcy\u001b[39m=\u001b[32m\"20\"\u001b[39m\n                \u001b[33mfill\u001b[39m=\u001b[32m\"none\"\u001b[39m\n                \u001b[33mr\u001b[39m=\u001b[32m\"16\"\u001b[39m\n                \u001b[33mstroke\u001b[39m=\u001b[32m\"hsl(var(--primary))\"\u001b[39m\n                \u001b[33mstroke-dasharray\u001b[39m=\u001b[32m\"251\"\u001b[39m\n                \u001b[33mstroke-dashoffset\u001b[39m=\u001b[32m\"251\"\u001b[39m\n                \u001b[33mstroke-linecap\u001b[39m=\u001b[32m\"round\"\u001b[39m\n                \u001b[33mstroke-width\u001b[39m=\u001b[32m\"2.5\"\u001b[39m\n              \u001b[36m/>\u001b[39m\n            \u001b[36m</svg>\u001b[39m\n            \u001b[36m<div\u001b[39m\n              \u001b[33mstyle\u001b[39m=\u001b[32m\"transform: none;\"\u001b[39m\n            \u001b[36m>\u001b[39m\n              \u001b[36m<svg\u001b[39m\n                \u001b[33mclass\u001b[39m=\u001b[32m\"lucide lucide-refresh-cw w-4 h-4 text-primary\"\u001b[39m\n                \u001b[33mfill\u001b[39m=\u001b[32m\"none\"\u001b[39m\n                \u001b[33mheight\u001b[39m=\u001b[32m\"24\"\u001b[39m\n                \u001b[33mstroke\u001b[39m=\u001b[32m\"currentColor\"\u001b[39m\n                \u001b[33mstroke-linecap\u001b[39m=\u001b[32m\"round\"\u001b[39m\n                \u001b[33mstroke-linejoin\u001b[39m=\u001b[32m\"round\"\u001b[39m\n                \u001b[33mstroke-width\u001b[39m=\u001b[32m\"2.5\"\u001b[39m\n                \u001b[33mviewBox\u001b[39m=\u001b[32m\"0 0 24 24\"\u001b[39m\n                \u001b[33mwidth\u001b[39m=\u001b[32m\"24\"\u001b[39m\n                \u001b[33mxmlns\u001b[39m=\u001b[32m\"http://www.w3.org/2000/svg\"\u001b[39m\n              \u001b[36m>\u001b[39m\n                \u001b[36m<path\u001b[39m\n                  \u001b[33md\u001b[39m=\u001b[32m\"M3 12a9 9 0 0 1 9-9 9.75 9.75 0 0 1 6.74 2.74L21 8\"\u001b[39m\n                \u001b[36m/>\u001b[39m\n                \u001b[36m<path\u001b[39m\n                  \u001b[33md\u001b[39m=\u001b[32m\"M21 3v5h-5\"\u001b[39m\n                \u001b[36m/>\u001b[39m\n                \u001b[36m<path\u001b[39m\n                  \u001b[33md\u001b[39m=\u001b[32m\"M21 12a9 9 0 0 1-9 9 9.75 9.75 0 0 1-6.74-2.74L3 16\"\u001b[39m\n                \u001b[36m/>\u001b[39m\n                \u001b[36m<path\u001b[39m\n                  \u001b[33md\u001b[39m=\u001b[32m\"M8 16H3v5\"\u001b[39m\n                \u001b[36m/>\u001b[39m\n              \u001b[36m</svg>\u001b[39m\n            \u001b[36m</div>\u001b[39m\n          \u001b[36m</div>\u001b[39m\n        \u001b[36m</div>\u001b[39m\n        \u001b[36m<div\u001b[39m\n          \u001b[33mclass\u001b[39m=\u001b[32m\"h-full overflow-y-auto overscroll-none\"\u001b[39m\n          \u001b[33mstyle\u001b[39m=\u001b[32m\"transform: none;\"\u001b[39m\n        \u001b[36m>\u001b[39m\n          \u001b[36m<main\u001b[39m\n            \u001b[33mclass\u001b[39m=\u001b[32m\"pb-24 \"\u001b[39m\n            \u001b[33mstyle\u001b[39m=\u001b[32m\"opacity: 1;\"\u001b[39m\n          \u001b[36m>\u001b[39m\n            \u001b[36m<header\u001b[39m\n              \u001b[33mclass\u001b[39m=\u001b[32m\"sticky top-0 z-50 px-4 py-4 bg-background/95 backdrop-blur-xl border-b border-border/50\"\u001b[39m\n              \u001b[33mstyle\u001b[39m=\u001b[32m\"opacity: 1; transform: none;\"\u001b[39m\n            \u001b[36m>\u001b[39m\n              \u001b[36m<div\u001b[39m\n                \u001b[33mclass\u001b[39m=\u001b[32m\"flex items-center justify-between\"\u001b[39m\n              \u001b[36m>\u001b[39m\n                \u001b[36m<div\u001b[39m\n                  \u001b[33mclass\u001b[39m=\u001b[32m\"flex items-center gap-3\"\u001b[39m\n                \u001b[36m>\u001b[39m\n                  \u001b[36m<button\u001b[39m\n                    \u001b[33mclass\u001b[39m=\u001b[32m\"icon-btn\"\u001b[39m\n                  \u001b[36m>\u001b[39m\n                    \u001b[36m<svg\u001b[39m\n                      \u001b[33mclass\u001b[39m=\u001b[32m\"lucide lucide-arrow-left w-5 h-5 text-foreground\"\u001b[39m\n                      \u001b[33mfill\u001b[39m=\u001b[32m\"none\"\u001b[39m\n                      \u001b[33mheight\u001b[39m=\u001b[32m\"24\"\u001b[39m\n                      \u001b[33mstroke\u001b[39m=\u001b[32m\"currentColor\"\u001b[39m\n                      \u001b[33mstroke-linecap\u001b[39m=\u001b[32m\"round\"\u001b[39m\n                      \u001b[33mstroke-linejoin\u001b[39m=\u001b[32m\"round\"\u001b[39m\n                      \u001b[33mstroke-width\u001b[39m=\u001b[32m\"2\"\u001b[39m\n                      \u001b[33mviewBox\u001b[39m=\u001b[32m\"0 0 24 24\"\u001b[39m\n                      \u001b[33mwidth\u001b[39m=\u001b[32m\"24\"\u001b[39m\n                      \u001b[33mxmlns\u001b[39m=\u001b[32m\"http://www.w3.org/2000/svg\"\u001b[39m\n                    \u001b[36m>\u001b[39m\n                      \u001b[36m<path\u001b[39m\n                        \u001b[33md\u001b[39m=\u001b[32m\"m12 19-7-7 7-7\"\u001b[39m\n                      \u001b[36m/>\u001b[39m\n                      \u001b[36m<path\u001b[39m\n                        \u001b[33md\u001b[39m=\u001b[32m\"M19 12H5\"\u001b[39m\n                      \u001b[36m/>\u001b[39m\n                    \u001b[36m</svg>\u001b[39m\n                  \u001b[36m</button>\u001b[39m\n                  \u001b[36m<h1\u001b[39m\n                    \u001b[33mclass\u001b[39m=\u001b[32m\"text-lg font-bold text-foreground\"\u001b[39m\n                  \u001b[36m>\u001b[39m\n                    \u001b[0mPackage Details\u001b[0m\n                  \u001b[36m</h1>\u001b[39m\n                \u001b[36m</div>\u001b[39m\n                \u001b[36m<div\u001b[39m\n                  \u001b[33mclass\u001b[39m=\u001b[32m\"flex items-center gap-2\"\u001b[39m\n                \u001b[36m/>\u001b[39m\n              \u001b[36m</div>\u001b[39m\n            \u001b[36m</header>\u001b[39m\n            \u001b[36m<div\u001b[39m\n              \u001b[33mclass\u001b[39m=\u001b[32m\"flex flex-col items-center justify-center h-[60vh] px-4 text-center\"\u001b[39m\n            \u001b[36m>\u001b[39m\n              \u001b[36m<svg\u001b[39m\n                \u001b[33mclass\u001b[39m=\u001b[32m\"lucide lucide-circle-alert w-12 h-12 text-muted-foreground mb-4\"\u001b[39m\n                \u001b[33mfill\u001b[39m=\u001b[32m\"none\"\u001b[39m\n                \u001b[33mheight\u001b[39m=\u001b[32m\"24\"\u001b[39m\n                \u001b[33mstroke\u001b[39m=\u001b[32m\"currentColor\"\u001b[39m\n                \u001b[33mstroke-linecap\u001b[39m=\u001b[32m\"round\"\u001b[39m\n                \u001b[33mstroke-linejoin\u001b[39m=\u001b[32m\"round\"\u001b[39m\n                \u001b[33mstroke-width\u001b[39m=\u001b[32m\"2\"\u001b[39m\n                \u001b[33mviewBox\u001b[39m=\u001b[32m\"0 0 24 24\"\u001b[39m\n                \u001b[33mwidth\u001b[39m=\u001b[32m\"24\"\u001b[39m\n                \u001b[33mxmlns\u001b[39m=\u001b[32m\"http://www.w3.org/2000/svg\"\u001b[39m\n              \u001b[36m>\u001b[39m\n                \u001b[36m<circle\u001b[39m\n                  \u001b[33mcx\u001b[39m=\u001b[32m\"12\"\u001b[39m\n                  \u001b[33mcy\u001b[39m=\u001b[32m\"12\"\u001b[39m\n                  \u001b[33mr\u001b[39m=\u001b[32m\"10\"\u001b[39m\n                \u001b[36m/>\u001b[39m\n                \u001b[36m<line\u001b[39m\n                  \u001b[33mx1\u001b[39m=\u001b[32m\"12\"\u001b[39m\n                  \u001b[33mx2\u001b[39m=\u001b[32m\"12\"\u001b[39m\n                  \u001b[33my1\u001b[39m=\u001b[32m\"8\"\u001b[39m\n                  \u001b[33my2\u001b[39m=\u001b[32m\"12\"\u001b[39m\n                \u001b[36m/>\u001b[39m\n                \u001b[36m<line\u001b[39m\n                  \u001b[33mx1\u001b[39m=\u001b[32m\"12\"\u001b[39m\n                  \u001b[33mx2\u001b[39m=\u001b[32m\"12.01\"\u001b[39m...\n\nIgnored nodes: comments, script, style\n\u001b[36m<html>\u001b[39m\n  \u001b[36m<head />\u001b[39m\n  \u001b[36m<body>\u001b[39m\n    \u001b[36m<div>\u001b[39m\n      \u001b[36m<div\u001b[39m\n        \u001b[33mclass\u001b[39m=\u001b[32m\"min-h-screen h-screen bg-background max-w-[430px] mx-auto relative overflow-hidden\"\u001b[39m\n      \u001b[36m>\u001b[39m\n        \u001b[36m<div\u001b[39m\n          \u001b[33mclass\u001b[39m=\u001b[32m\"relative h-full overflow-hidden\"\u001b[39m\n        \u001b[36m>\u001b[39m\n          \u001b[36m<div\u001b[39m\n            \u001b[33mclass\u001b[39m=\u001b[32m\"absolute left-1/2 -translate-x-1/2 z-50 flex items-center justify-center\"\u001b[39m\n            \u001b[33mstyle\u001b[39m=\u001b[32m\"opacity: 0; transform: translateY(-40px) scale(0.5);\"\u001b[39m\n          \u001b[36m>\u001b[39m\n            \u001b[36m<div\u001b[39m\n              \u001b[33mclass\u001b[39m=\u001b[32m\"relative w-10 h-10 flex items-center justify-center\"\u001b[39m\n            \u001b[36m>\u001b[39m\n              \u001b[36m<svg\u001b[39m\n                \u001b[33mclass\u001b[39m=\u001b[32m\"absolute w-10 h-10 -rotate-90\"\u001b[39m\n              \u001b[36m>\u001b[39m\n                \u001b[36m<circle\u001b[39m\n                  \u001b[33mcx\u001b[39m=\u001b[32m\"20\"\u001b[39m\n                  \u001b[33mcy\u001b[39m=\u001b[32m\"20\"\u001b[39m\n                  \u001b[33mfill\u001b[39m=\u001b[32m\"none\"\u001b[39m\n                  \u001b[33mr\u001b[39m=\u001b[32m\"16\"\u001b[39m\n                  \u001b[33mstroke\u001b[39m=\u001b[32m\"hsl(var(--primary) / 0.2)\"\u001b[39m\n                  \u001b[33mstroke-width\u001b[39m=\u001b[32m\"2.5\"\u001b[39m\n                \u001b[36m/>\u001b[39m\n                \u001b[36m<circle\u001b[39m\n                  \u001b[33mcx\u001b[39m=\u001b[32m\"20\"\u001b[39m\n                  \u001b[33mcy\u001b[39m=\u001b[32m\"20\"\u001b[39m\n                  \u001b[33mfill\u001b[39m=\u001b[32m\"none\"\u001b[39m\n                  \u001b[33mr\u001b[39m=\u001b[32m\"16\"\u001b[39m\n                  \u001b[33mstroke\u001b[39m=\u001b[32m\"hsl(var(--primary))\"\u001b[39m\n                  \u001b[33mstroke-dasharray\u001b[39m=\u001b[32m\"251\"\u001b[39m\n                  \u001b[33mstroke-dashoffset\u001b[39m=\u001b[32m\"251\"\u001b[39m\n                  \u001b[33mstroke-linecap\u001b[39m=\u001b[32m\"round\"\u001b[39m\n                  \u001b[33mstroke-width\u001b[39m=\u001b[32m\"2.5\"\u001b[39m\n                \u001b[36m/>\u001b[39m\n              \u001b[36m</svg>\u001b[39m\n              \u001b[36m<div\u001b[39m\n                \u001b[33mstyle\u001b[39m=\u001b[32m\"transform: none;\"\u001b[39m\n              \u001b[36m>\u001b[39m\n                \u001b[36m<svg\u001b[39m\n                  \u001b[33mclass\u001b[39m=\u001b[32m\"lucide lucide-refresh-cw w-4 h-4 text-primary\"\u001b[39m\n                  \u001b[33mfill\u001b[39m=\u001b[32m\"none\"\u001b[39m\n                  \u001b[33mheight\u001b[39m=\u001b[32m\"24\"\u001b[39m\n                  \u001b[33mstroke\u001b[39m=\u001b[32m\"currentColor\"\u001b[39m\n                  \u001b[33mstroke-linecap\u001b[39m=\u001b[32m\"round\"\u001b[39m\n                  \u001b[33mstroke-linejoin\u001b[39m=\u001b[32m\"round\"\u001b[39m\n                  \u001b[33mstroke-width\u001b[39m=\u001b[32m\"2.5\"\u001b[39m\n                  \u001b[33mviewBox\u001b[39m=\u001b[32m\"0 0 24 24\"\u001b[39m\n                  \u001b[33mwidth\u001b[39m=\u001b[32m\"24\"\u001b[39m\n                  \u001b[33mxmlns\u001b[39m=\u001b[32m\"http://www.w3.org/2000/svg\"\u001b[39m\n                \u001b[36m>\u001b[39m\n                  \u001b[36m<path\u001b[39m\n                    \u001b[33md\u001b[39m=\u001b[32m\"M3 12a9 9 0 0 1 9-9 9.75 9.75 0 0 1 6.74 2.74L21 8\"\u001b[39m\n                  \u001b[36m/>\u001b[39m\n                  \u001b[36m<path\u001b[39m\n                    \u001b[33md\u001b[39m=\u001b[32m\"M21 3v5h-5\"\u001b[39m\n                  \u001b[36m/>\u001b[39m\n                  \u001b[36m<path\u001b[39m\n                    \u001b[33md\u001b[39m=\u001b[32m\"M21 12a9 9 0 0 1-9 9 9.75 9.75 0 0 1-6.74-2.74L3 16\"\u001b[39m\n                  \u001b[36m/>\u001b[39m\n                  \u001b[36m<path\u001b[39m\n                    \u001b[33md\u001b[39m=\u001b[32m\"M8 16H3v5\"\u001b[39m\n                  \u001b[36m/>\u001b[39m\n                \u001b[36m</svg>\u001b[39m\n              \u001b[36m</div>\u001b[39m\n            \u001b[36m</div>\u001b[39m\n          \u001b[36m</div>\u001b[39m\n          \u001b[36m<div\u001b[39m\n            \u001b[33mclass\u001b[39m=\u001b[32m\"h-full overflow-y-auto overscroll-none\"\u001b[39m\n            \u001b[33mstyle\u001b[39m=\u001b[32m\"transform: none;\"\u001b[39m\n          \u001b[36m>\u001b[39m\n            \u001b[36m<main\u001b[39m\n              \u001b[33mclass\u001b[39m=\u001b[32m\"pb-24 \"\u001b[39m\n              \u001b[33mstyle\u001b[39m=\u001b[32m\"opacity: 1;\"\u001b[39m\n            \u001b[36m>\u001b[39m\n              \u001b[36m<header\u001b[39m\n                \u001b[33mclass\u001b[39m=\u001b[32m\"sticky top-0 z-50 px-4 py-4 bg-background/95 backdrop-blur-xl border-b border-border/50\"\u001b[39m\n                \u001b[33mstyle\u001b[39m=\u001b[32m\"opacity: 1; transform: none;\"\u001b[39m\n              \u001b[36m>\u001b[39m\n                \u001b[36m<div\u001b[39m\n                  \u001b[33mclass\u001b[39m=\u001b[32m\"flex items-center justify-between\"\u001b[39m\n                \u001b[36m>\u001b[39m\n                  \u001b[36m<div\u001b[39m\n                    \u001b[33mclass\u001b[39m=\u001b[32m\"flex items-center gap-3\"\u001b[39m\n                  \u001b[36m>\u001b[39m\n                    \u001b[36m<button\u001b[39m\n                      \u001b[33mclass\u001b[39m=\u001b[32m\"icon-btn\"\u001b[39m\n                    \u001b[36m>\u001b[39m\n                      \u001b[36m<svg\u001b[39m\n                        \u001b[33mclass\u001b[39m=\u001b[32m\"lucide lucide-arrow-left w-5 h-5 text-foreground\"\u001b[39m\n                        \u001b[33mfill\u001b[39m=\u001b[32m\"none\"\u001b[39m\n                        \u001b[33mheight\u001b[39m=\u001b[32m\"24\"\u001b[39m\n                        \u001b[33mstroke\u001b[39m=\u001b[32m\"currentColor\"\u001b[39m\n                        \u001b[33mstroke-linecap\u001b[39m=\u001b[32m\"round\"\u001b[39m\n                        \u001b[33mstroke-linejoin\u001b[39m=\u001b[32m\"round\"\u001b[39m\n                        \u001b[33mstroke-width\u001b[39m=\u001b[32m\"2\"\u001b[39m\n                        \u001b[33mviewBox\u001b[39m=\u001b[32m\"0 0 24 24\"\u001b[39m\n                        \u001b[33mwidth\u001b[39m=\u001b[32m\"24\"\u001b[39m\n                        \u001b[33mxmlns\u001b[39m=\u001b[32m\"http://www.w3.org/2000/svg\"\u001b[39m\n                      \u001b[36m>\u001b[39m\n                        \u001b[36m<path\u001b[39m\n                          \u001b[33md\u001b[39m=\u001b[32m\"m12 19-7-7 7-7\"\u001b[39m\n                        \u001b[36m/>\u001b[39m\n                        \u001b[36m<path\u001b[39m\n                          \u001b[33md\u001b[39m=\u001b[32m\"M19 12H5\"\u001b[39m\n                        \u001b[36m/>\u001b[39m\n                      \u001b[36m</svg>\u001b[39m\n                    \u001b[36m</button>\u001b[39m\n                    \u001b[36m<h1\u001b[39m\n                      \u001b[33mclass\u001b[39m=\u001b[32m\"text-lg font-bold text-foreground\"\u001b[39m\n                    \u001b[36m>\u001b[39m\n                      \u001b[0mPackage Details\u001b[0m\n                    \u001b[36m</h1>\u001b[39m\n                  \u001b[36m</div>\u001b[39m\n                  \u001b[36m<div\u001b[39m\n                    \u001b[33mclass\u001b[39m=\u001b[32m\"flex items-center gap-2\"\u001b[39m\n                  \u001b[36m/>\u001b[39m\n                \u001b[36m</div>\u001b[39m\n              \u001b[36m</header>\u001b[39m\n              \u001b[36m<div\u001b[39m\n                \u001b[33mclass\u001b[39m=\u001b[32m\"flex flex-col items-center justify-center h-[60vh] px-4 text-center\"\u001b[39m\n              \u001b[36m>\u001b[39m\n                \u001b[36m<svg\u001b[39m\n                  \u001b[33mclass\u001b[39m=\u001b[32m\"lucide lucide-circle-alert w-12 h-12 text-muted-foreground mb-4\"\u001b[39m\n                  \u001b[33mfill\u001b[39m=\u001b[32m\"none\"\u001b[39m\n                  \u001b[33mheight\u001b[39m=\u001b[32m\"24\"\u001b[39m\n                  \u001b[33mstroke\u001b[39m=\u001b[32m\"currentColor\"\u001b[39m\n                  \u001b[33mstroke-linecap\u001b[39m=\u001b[32m\"round\"\u001b[39m\n                  \u001b[33mstroke-linejoin\u001b[39m=\u001b[32m\"round\"\u001b[39m\n                  \u001b[33mstroke-width\u001b[39m=\u001b[32m\"2\"\u001b[39m\n                  \u001b[33mviewBox\u001b[39m=\u001b[32m\"0 0 24 24\"\u001b[39m\n                  \u001b[33mwidth\u001b[39m=\u001b[32m\"24\"\u001b[39m\n                  \u001b[33mxmlns\u001b[39m=\u001b[32m\"http://www.w3.org/2000/svg\"\u001b[39m\n                \u001b[36m>\u001b[39m\n                  \u001b[36m<circle\u001b[39m\n                    \u001b[33mcx\u001b[39m=\u001b[32m\"12\"\u001b[39m\n                    \u001b[33mcy\u001b[39m=\u001b[32m\"12\"\u001b[39m\n                    \u001b[33mr\u001b[39m=\u001b[32m\"10\"\u001b[39m\n                  \u001b[36m/>\u001b[39m\n                  \u001b[36m<line\u001b[39m\n                ..."],"location":{"line":163,"column":27}},{"ancestorTitles":["","Health Packages Feature"],"fullName":" Health Packages Feature should display what is included in the package","status":"failed","title":"should display what is included in the package","duration":1023,"failureMessages":["Unable to find an element with the text: /What's Included/. This could be because the text is broken up by multiple elements. In this case, you can provide a function for your text matcher to make your matcher more flexible.\n\nIgnored nodes: comments, script, style\n\u001b[36m<body>\u001b[39m\n  \u001b[36m<div>\u001b[39m\n    \u001b[36m<div\u001b[39m\n      \u001b[33mclass\u001b[39m=\u001b[32m\"min-h-screen h-screen bg-background max-w-[430px] mx-auto relative overflow-hidden\"\u001b[39m\n    \u001b[36m>\u001b[39m\n      \u001b[36m<div\u001b[39m\n        \u001b[33mclass\u001b[39m=\u001b[32m\"relative h-full overflow-hidden\"\u001b[39m\n      \u001b[36m>\u001b[39m\n        \u001b[36m<div\u001b[39m\n          \u001b[33mclass\u001b[39m=\u001b[32m\"absolute left-1/2 -translate-x-1/2 z-50 flex items-center justify-center\"\u001b[39m\n          \u001b[33mstyle\u001b[39m=\u001b[32m\"opacity: 0; transform: translateY(-40px) scale(0.5);\"\u001b[39m\n        \u001b[36m>\u001b[39m\n          \u001b[36m<div\u001b[39m\n            \u001b[33mclass\u001b[39m=\u001b[32m\"relative w-10 h-10 flex items-center justify-center\"\u001b[39m\n          \u001b[36m>\u001b[39m\n            \u001b[36m<svg\u001b[39m\n              \u001b[33mclass\u001b[39m=\u001b[32m\"absolute w-10 h-10 -rotate-90\"\u001b[39m\n            \u001b[36m>\u001b[39m\n              \u001b[36m<circle\u001b[39m\n                \u001b[33mcx\u001b[39m=\u001b[32m\"20\"\u001b[39m\n                \u001b[33mcy\u001b[39m=\u001b[32m\"20\"\u001b[39m\n                \u001b[33mfill\u001b[39m=\u001b[32m\"none\"\u001b[39m\n                \u001b[33mr\u001b[39m=\u001b[32m\"16\"\u001b[39m\n                \u001b[33mstroke\u001b[39m=\u001b[32m\"hsl(var(--primary) / 0.2)\"\u001b[39m\n                \u001b[33mstroke-width\u001b[39m=\u001b[32m\"2.5\"\u001b[39m\n              \u001b[36m/>\u001b[39m\n              \u001b[36m<circle\u001b[39m\n                \u001b[33mcx\u001b[39m=\u001b[32m\"20\"\u001b[39m\n                \u001b[33mcy\u001b[39m=\u001b[32m\"20\"\u001b[39m\n                \u001b[33mfill\u001b[39m=\u001b[32m\"none\"\u001b[39m\n                \u001b[33mr\u001b[39m=\u001b[32m\"16\"\u001b[39m\n                \u001b[33mstroke\u001b[39m=\u001b[32m\"hsl(var(--primary))\"\u001b[39m\n                \u001b[33mstroke-dasharray\u001b[39m=\u001b[32m\"251\"\u001b[39m\n                \u001b[33mstroke-dashoffset\u001b[39m=\u001b[32m\"251\"\u001b[39m\n                \u001b[33mstroke-linecap\u001b[39m=\u001b[32m\"round\"\u001b[39m\n                \u001b[33mstroke-width\u001b[39m=\u001b[32m\"2.5\"\u001b[39m\n              \u001b[36m/>\u001b[39m\n            \u001b[36m</svg>\u001b[39m\n            \u001b[36m<div\u001b[39m\n              \u001b[33mstyle\u001b[39m=\u001b[32m\"transform: none;\"\u001b[39m\n            \u001b[36m>\u001b[39m\n              \u001b[36m<svg\u001b[39m\n                \u001b[33mclass\u001b[39m=\u001b[32m\"lucide lucide-refresh-cw w-4 h-4 text-primary\"\u001b[39m\n                \u001b[33mfill\u001b[39m=\u001b[32m\"none\"\u001b[39m\n                \u001b[33mheight\u001b[39m=\u001b[32m\"24\"\u001b[39m\n                \u001b[33mstroke\u001b[39m=\u001b[32m\"currentColor\"\u001b[39m\n                \u001b[33mstroke-linecap\u001b[39m=\u001b[32m\"round\"\u001b[39m\n                \u001b[33mstroke-linejoin\u001b[39m=\u001b[32m\"round\"\u001b[39m\n                \u001b[33mstroke-width\u001b[39m=\u001b[32m\"2.5\"\u001b[39m\n                \u001b[33mviewBox\u001b[39m=\u001b[32m\"0 0 24 24\"\u001b[39m\n                \u001b[33mwidth\u001b[39m=\u001b[32m\"24\"\u001b[39m\n                \u001b[33mxmlns\u001b[39m=\u001b[32m\"http://www.w3.org/2000/svg\"\u001b[39m\n              \u001b[36m>\u001b[39m\n                \u001b[36m<path\u001b[39m\n                  \u001b[33md\u001b[39m=\u001b[32m\"M3 12a9 9 0 0 1 9-9 9.75 9.75 0 0 1 6.74 2.74L21 8\"\u001b[39m\n                \u001b[36m/>\u001b[39m\n                \u001b[36m<path\u001b[39m\n                  \u001b[33md\u001b[39m=\u001b[32m\"M21 3v5h-5\"\u001b[39m\n                \u001b[36m/>\u001b[39m\n                \u001b[36m<path\u001b[39m\n                  \u001b[33md\u001b[39m=\u001b[32m\"M21 12a9 9 0 0 1-9 9 9.75 9.75 0 0 1-6.74-2.74L3 16\"\u001b[39m\n                \u001b[36m/>\u001b[39m\n                \u001b[36m<path\u001b[39m\n                  \u001b[33md\u001b[39m=\u001b[32m\"M8 16H3v5\"\u001b[39m\n                \u001b[36m/>\u001b[39m\n              \u001b[36m</svg>\u001b[39m\n            \u001b[36m</div>\u001b[39m\n          \u001b[36m</div>\u001b[39m\n        \u001b[36m</div>\u001b[39m\n        \u001b[36m<div\u001b[39m\n          \u001b[33mclass\u001b[39m=\u001b[32m\"h-full overflow-y-auto overscroll-none\"\u001b[39m\n          \u001b[33mstyle\u001b[39m=\u001b[32m\"transform: none;\"\u001b[39m\n        \u001b[36m>\u001b[39m\n          \u001b[36m<main\u001b[39m\n            \u001b[33mclass\u001b[39m=\u001b[32m\"pb-24 \"\u001b[39m\n            \u001b[33mstyle\u001b[39m=\u001b[32m\"opacity: 1;\"\u001b[39m\n          \u001b[36m>\u001b[39m\n            \u001b[36m<header\u001b[39m\n              \u001b[33mclass\u001b[39m=\u001b[32m\"sticky top-0 z-50 px-4 py-4 bg-background/95 backdrop-blur-xl border-b border-border/50\"\u001b[39m\n              \u001b[33mstyle\u001b[39m=\u001b[32m\"opacity: 1; transform: none;\"\u001b[39m\n            \u001b[36m>\u001b[39m\n              \u001b[36m<div\u001b[39m\n                \u001b[33mclass\u001b[39m=\u001b[32m\"flex items-center justify-between\"\u001b[39m\n              \u001b[36m>\u001b[39m\n                \u001b[36m<div\u001b[39m\n                  \u001b[33mclass\u001b[39m=\u001b[32m\"flex items-center gap-3\"\u001b[39m\n                \u001b[36m>\u001b[39m\n                  \u001b[36m<button\u001b[39m\n                    \u001b[33mclass\u001b[39m=\u001b[32m\"icon-btn\"\u001b[39m\n                  \u001b[36m>\u001b[39m\n                    \u001b[36m<svg\u001b[39m\n                      \u001b[33mclass\u001b[39m=\u001b[32m\"lucide lucide-arrow-left w-5 h-5 text-foreground\"\u001b[39m\n                      \u001b[33mfill\u001b[39m=\u001b[32m\"none\"\u001b[39m\n                      \u001b[33mheight\u001b[39m=\u001b[32m\"24\"\u001b[39m\n                      \u001b[33mstroke\u001b[39m=\u001b[32m\"currentColor\"\u001b[39m\n                      \u001b[33mstroke-linecap\u001b[39m=\u001b[32m\"round\"\u001b[39m\n                      \u001b[33mstroke-linejoin\u001b[39m=\u001b[32m\"round\"\u001b[39m\n                      \u001b[33mstroke-width\u001b[39m=\u001b[32m\"2\"\u001b[39m\n                      \u001b[33mviewBox\u001b[39m=\u001b[32m\"0 0 24 24\"\u001b[39m\n                      \u001b[33mwidth\u001b[39m=\u001b[32m\"24\"\u001b[39m\n                      \u001b[33mxmlns\u001b[39m=\u001b[32m\"http://www.w3.org/2000/svg\"\u001b[39m\n                    \u001b[36m>\u001b[39m\n                      \u001b[36m<path\u001b[39m\n                        \u001b[33md\u001b[39m=\u001b[32m\"m12 19-7-7 7-7\"\u001b[39m\n                      \u001b[36m/>\u001b[39m\n                      \u001b[36m<path\u001b[39m\n                        \u001b[33md\u001b[39m=\u001b[32m\"M19 12H5\"\u001b[39m\n                      \u001b[36m/>\u001b[39m\n                    \u001b[36m</svg>\u001b[39m\n                  \u001b[36m</button>\u001b[39m\n                  \u001b[36m<h1\u001b[39m\n                    \u001b[33mclass\u001b[39m=\u001b[32m\"text-lg font-bold text-foreground\"\u001b[39m\n                  \u001b[36m>\u001b[39m\n                    \u001b[0mPackage Details\u001b[0m\n                  \u001b[36m</h1>\u001b[39m\n                \u001b[36m</div>\u001b[39m\n                \u001b[36m<div\u001b[39m\n                  \u001b[33mclass\u001b[39m=\u001b[32m\"flex items-center gap-2\"\u001b[39m\n                \u001b[36m/>\u001b[39m\n              \u001b[36m</div>\u001b[39m\n            \u001b[36m</header>\u001b[39m\n            \u001b[36m<div\u001b[39m\n              \u001b[33mclass\u001b[39m=\u001b[32m\"flex flex-col items-center justify-center h-[60vh] px-4 text-center\"\u001b[39m\n            \u001b[36m>\u001b[39m\n              \u001b[36m<svg\u001b[39m\n                \u001b[33mclass\u001b[39m=\u001b[32m\"lucide lucide-circle-alert w-12 h-12 text-muted-foreground mb-4\"\u001b[39m\n                \u001b[33mfill\u001b[39m=\u001b[32m\"none\"\u001b[39m\n                \u001b[33mheight\u001b[39m=\u001b[32m\"24\"\u001b[39m\n                \u001b[33mstroke\u001b[39m=\u001b[32m\"currentColor\"\u001b[39m\n                \u001b[33mstroke-linecap\u001b[39m=\u001b[32m\"round\"\u001b[39m\n                \u001b[33mstroke-linejoin\u001b[39m=\u001b[32m\"round\"\u001b[39m\n                \u001b[33mstroke-width\u001b[39m=\u001b[32m\"2\"\u001b[39m\n                \u001b[33mviewBox\u001b[39m=\u001b[32m\"0 0 24 24\"\u001b[39m\n                \u001b[33mwidth\u001b[39m=\u001b[32m\"24\"\u001b[39m\n                \u001b[33mxmlns\u001b[39m=\u001b[32m\"http://www.w3.org/2000/svg\"\u001b[39m\n              \u001b[36m>\u001b[39m\n                \u001b[36m<circle\u001b[39m\n                  \u001b[33mcx\u001b[39m=\u001b[32m\"12\"\u001b[39m\n                  \u001b[33mcy\u001b[39m=\u001b[32m\"12\"\u001b[39m\n                  \u001b[33mr\u001b[39m=\u001b[32m\"10\"\u001b[39m\n                \u001b[36m/>\u001b[39m\n                \u001b[36m<line\u001b[39m\n                  \u001b[33mx1\u001b[39m=\u001b[32m\"12\"\u001b[39m\n                  \u001b[33mx2\u001b[39m=\u001b[32m\"12\"\u001b[39m\n                  \u001b[33my1\u001b[39m=\u001b[32m\"8\"\u001b[39m\n                  \u001b[33my2\u001b[39m=\u001b[32m\"12\"\u001b[39m\n                \u001b[36m/>\u001b[39m\n                \u001b[36m<line\u001b[39m\n                  \u001b[33mx1\u001b[39m=\u001b[32m\"12\"\u001b[39m\n                  \u001b[33mx2\u001b[39m=\u001b[32m\"12.01\"\u001b[39m...\n\nIgnored nodes: comments, script, style\n\u001b[36m<html>\u001b[39m\n  \u001b[36m<head />\u001b[39m\n  \u001b[36m<body>\u001b[39m\n    \u001b[36m<div>\u001b[39m\n      \u001b[36m<div\u001b[39m\n        \u001b[33mclass\u001b[39m=\u001b[32m\"min-h-screen h-screen bg-background max-w-[430px] mx-auto relative overflow-hidden\"\u001b[39m\n      \u001b[36m>\u001b[39m\n        \u001b[36m<div\u001b[39m\n          \u001b[33mclass\u001b[39m=\u001b[32m\"relative h-full overflow-hidden\"\u001b[39m\n        \u001b[36m>\u001b[39m\n          \u001b[36m<div\u001b[39m\n            \u001b[33mclass\u001b[39m=\u001b[32m\"absolute left-1/2 -translate-x-1/2 z-50 flex items-center justify-center\"\u001b[39m\n            \u001b[33mstyle\u001b[39m=\u001b[32m\"opacity: 0; transform: translateY(-40px) scale(0.5);\"\u001b[39m\n          \u001b[36m>\u001b[39m\n            \u001b[36m<div\u001b[39m\n              \u001b[33mclass\u001b[39m=\u001b[32m\"relative w-10 h-10 flex items-center justify-center\"\u001b[39m\n            \u001b[36m>\u001b[39m\n              \u001b[36m<svg\u001b[39m\n                \u001b[33mclass\u001b[39m=\u001b[32m\"absolute w-10 h-10 -rotate-90\"\u001b[39m\n              \u001b[36m>\u001b[39m\n                \u001b[36m<circle\u001b[39m\n                  \u001b[33mcx\u001b[39m=\u001b[32m\"20\"\u001b[39m\n                  \u001b[33mcy\u001b[39m=\u001b[32m\"20\"\u001b[39m\n                  \u001b[33mfill\u001b[39m=\u001b[32m\"none\"\u001b[39m\n                  \u001b[33mr\u001b[39m=\u001b[32m\"16\"\u001b[39m\n                  \u001b[33mstroke\u001b[39m=\u001b[32m\"hsl(var(--primary) / 0.2)\"\u001b[39m\n                  \u001b[33mstroke-width\u001b[39m=\u001b[32m\"2.5\"\u001b[39m\n                \u001b[36m/>\u001b[39m\n                \u001b[36m<circle\u001b[39m\n                  \u001b[33mcx\u001b[39m=\u001b[32m\"20\"\u001b[39m\n                  \u001b[33mcy\u001b[39m=\u001b[32m\"20\"\u001b[39m\n                  \u001b[33mfill\u001b[39m=\u001b[32m\"none\"\u001b[39m\n                  \u001b[33mr\u001b[39m=\u001b[32m\"16\"\u001b[39m\n                  \u001b[33mstroke\u001b[39m=\u001b[32m\"hsl(var(--primary))\"\u001b[39m\n                  \u001b[33mstroke-dasharray\u001b[39m=\u001b[32m\"251\"\u001b[39m\n                  \u001b[33mstroke-dashoffset\u001b[39m=\u001b[32m\"251\"\u001b[39m\n                  \u001b[33mstroke-linecap\u001b[39m=\u001b[32m\"round\"\u001b[39m\n                  \u001b[33mstroke-width\u001b[39m=\u001b[32m\"2.5\"\u001b[39m\n                \u001b[36m/>\u001b[39m\n              \u001b[36m</svg>\u001b[39m\n              \u001b[36m<div\u001b[39m\n                \u001b[33mstyle\u001b[39m=\u001b[32m\"transform: none;\"\u001b[39m\n              \u001b[36m>\u001b[39m\n                \u001b[36m<svg\u001b[39m\n                  \u001b[33mclass\u001b[39m=\u001b[32m\"lucide lucide-refresh-cw w-4 h-4 text-primary\"\u001b[39m\n                  \u001b[33mfill\u001b[39m=\u001b[32m\"none\"\u001b[39m\n                  \u001b[33mheight\u001b[39m=\u001b[32m\"24\"\u001b[39m\n                  \u001b[33mstroke\u001b[39m=\u001b[32m\"currentColor\"\u001b[39m\n                  \u001b[33mstroke-linecap\u001b[39m=\u001b[32m\"round\"\u001b[39m\n                  \u001b[33mstroke-linejoin\u001b[39m=\u001b[32m\"round\"\u001b[39m\n                  \u001b[33mstroke-width\u001b[39m=\u001b[32m\"2.5\"\u001b[39m\n                  \u001b[33mviewBox\u001b[39m=\u001b[32m\"0 0 24 24\"\u001b[39m\n                  \u001b[33mwidth\u001b[39m=\u001b[32m\"24\"\u001b[39m\n                  \u001b[33mxmlns\u001b[39m=\u001b[32m\"http://www.w3.org/2000/svg\"\u001b[39m\n                \u001b[36m>\u001b[39m\n                  \u001b[36m<path\u001b[39m\n                    \u001b[33md\u001b[39m=\u001b[32m\"M3 12a9 9 0 0 1 9-9 9.75 9.75 0 0 1 6.74 2.74L21 8\"\u001b[39m\n                  \u001b[36m/>\u001b[39m\n                  \u001b[36m<path\u001b[39m\n                    \u001b[33md\u001b[39m=\u001b[32m\"M21 3v5h-5\"\u001b[39m\n                  \u001b[36m/>\u001b[39m\n                  \u001b[36m<path\u001b[39m\n                    \u001b[33md\u001b[39m=\u001b[32m\"M21 12a9 9 0 0 1-9 9 9.75 9.75 0 0 1-6.74-2.74L3 16\"\u001b[39m\n                  \u001b[36m/>\u001b[39m\n                  \u001b[36m<path\u001b[39m\n                    \u001b[33md\u001b[39m=\u001b[32m\"M8 16H3v5\"\u001b[39m\n                  \u001b[36m/>\u001b[39m\n                \u001b[36m</svg>\u001b[39m\n              \u001b[36m</div>\u001b[39m\n            \u001b[36m</div>\u001b[39m\n          \u001b[36m</div>\u001b[39m\n          \u001b[36m<div\u001b[39m\n            \u001b[33mclass\u001b[39m=\u001b[32m\"h-full overflow-y-auto overscroll-none\"\u001b[39m\n            \u001b[33mstyle\u001b[39m=\u001b[32m\"transform: none;\"\u001b[39m\n          \u001b[36m>\u001b[39m\n            \u001b[36m<main\u001b[39m\n              \u001b[33mclass\u001b[39m=\u001b[32m\"pb-24 \"\u001b[39m\n              \u001b[33mstyle\u001b[39m=\u001b[32m\"opacity: 1;\"\u001b[39m\n            \u001b[36m>\u001b[39m\n              \u001b[36m<header\u001b[39m\n                \u001b[33mclass\u001b[39m=\u001b[32m\"sticky top-0 z-50 px-4 py-4 bg-background/95 backdrop-blur-xl border-b border-border/50\"\u001b[39m\n                \u001b[33mstyle\u001b[39m=\u001b[32m\"opacity: 1; transform: none;\"\u001b[39m\n              \u001b[36m>\u001b[39m\n                \u001b[36m<div\u001b[39m\n                  \u001b[33mclass\u001b[39m=\u001b[32m\"flex items-center justify-between\"\u001b[39m\n                \u001b[36m>\u001b[39m\n                  \u001b[36m<div\u001b[39m\n                    \u001b[33mclass\u001b[39m=\u001b[32m\"flex items-center gap-3\"\u001b[39m\n                  \u001b[36m>\u001b[39m\n                    \u001b[36m<button\u001b[39m\n                      \u001b[33mclass\u001b[39m=\u001b[32m\"icon-btn\"\u001b[39m\n                    \u001b[36m>\u001b[39m\n                      \u001b[36m<svg\u001b[39m\n                        \u001b[33mclass\u001b[39m=\u001b[32m\"lucide lucide-arrow-left w-5 h-5 text-foreground\"\u001b[39m\n                        \u001b[33mfill\u001b[39m=\u001b[32m\"none\"\u001b[39m\n                        \u001b[33mheight\u001b[39m=\u001b[32m\"24\"\u001b[39m\n                        \u001b[33mstroke\u001b[39m=\u001b[32m\"currentColor\"\u001b[39m\n                        \u001b[33mstroke-linecap\u001b[39m=\u001b[32m\"round\"\u001b[39m\n                        \u001b[33mstroke-linejoin\u001b[39m=\u001b[32m\"round\"\u001b[39m\n                        \u001b[33mstroke-width\u001b[39m=\u001b[32m\"2\"\u001b[39m\n                        \u001b[33mviewBox\u001b[39m=\u001b[32m\"0 0 24 24\"\u001b[39m\n                        \u001b[33mwidth\u001b[39m=\u001b[32m\"24\"\u001b[39m\n                        \u001b[33mxmlns\u001b[39m=\u001b[32m\"http://www.w3.org/2000/svg\"\u001b[39m\n                      \u001b[36m>\u001b[39m\n                        \u001b[36m<path\u001b[39m\n                          \u001b[33md\u001b[39m=\u001b[32m\"m12 19-7-7 7-7\"\u001b[39m\n                        \u001b[36m/>\u001b[39m\n                        \u001b[36m<path\u001b[39m\n                          \u001b[33md\u001b[39m=\u001b[32m\"M19 12H5\"\u001b[39m\n                        \u001b[36m/>\u001b[39m\n                      \u001b[36m</svg>\u001b[39m\n                    \u001b[36m</button>\u001b[39m\n                    \u001b[36m<h1\u001b[39m\n                      \u001b[33mclass\u001b[39m=\u001b[32m\"text-lg font-bold text-foreground\"\u001b[39m\n                    \u001b[36m>\u001b[39m\n                      \u001b[0mPackage Details\u001b[0m\n                    \u001b[36m</h1>\u001b[39m\n                  \u001b[36m</div>\u001b[39m\n                  \u001b[36m<div\u001b[39m\n                    \u001b[33mclass\u001b[39m=\u001b[32m\"flex items-center gap-2\"\u001b[39m\n                  \u001b[36m/>\u001b[39m\n                \u001b[36m</div>\u001b[39m\n              \u001b[36m</header>\u001b[39m\n              \u001b[36m<div\u001b[39m\n                \u001b[33mclass\u001b[39m=\u001b[32m\"flex flex-col items-center justify-center h-[60vh] px-4 text-center\"\u001b[39m\n              \u001b[36m>\u001b[
[...]
u001b[39m\n            \u001b[36m<svg\u001b[39m\n              \u001b[33mclass\u001b[39m=\u001b[32m\"absolute w-10 h-10 -rotate-90\"\u001b[39m\n            \u001b[36m>\u001b[39m\n              \u001b[36m<circle\u001b[39m\n                \u001b[33mcx\u001b[39m=\u001b[32m\"20\"\u001b[39m\n                \u001b[33mcy\u001b[39m=\u001b[32m\"20\"\u001b[39m\n                \u001b[33mfill\u001b[39m=\u001b[32m\"none\"\u001b[39m\n                \u001b[33mr\u001b[39m=\u001b[32m\"16\"\u001b[39m\n                \u001b[33mstroke\u001b[39m=\u001b[32m\"hsl(var(--primary) / 0.2)\"\u001b[39m\n                \u001b[33mstroke-width\u001b[39m=\u001b[32m\"2.5\"\u001b[39m\n              \u001b[36m/>\u001b[39m\n              \u001b[36m<circle\u001b[39m\n                \u001b[33mcx\u001b[39m=\u001b[32m\"20\"\u001b[39m\n                \u001b[33mcy\u001b[39m=\u001b[32m\"20\"\u001b[39m\n                \u001b[33mfill\u001b[39m=\u001b[32m\"none\"\u001b[39m\n                \u001b[33mr\u001b[39m=\u001b[32m\"16\"\u001b[39m\n                \u001b[33mstroke\u001b[39m=\u001b[32m\"hsl(var(--primary))\"\u001b[39m\n                \u001b[33mstroke-dasharray\u001b[39m=\u001b[32m\"251\"\u001b[39m\n                \u001b[33mstroke-dashoffset\u001b[39m=\u001b[32m\"251\"\u001b[39m\n                \u001b[33mstroke-linecap\u001b[39m=\u001b[32m\"round\"\u001b[39m\n                \u001b[33mstroke-width\u001b[39m=\u001b[32m\"2.5\"\u001b[39m\n              \u001b[36m/>\u001b[39m\n            \u001b[36m</svg>\u001b[39m\n            \u001b[36m<div\u001b[39m\n              \u001b[33mstyle\u001b[39m=\u001b[32m\"transform: none;\"\u001b[39m\n            \u001b[36m>\u001b[39m\n              \u001b[36m<svg\u001b[39m\n                \u001b[33mclass\u001b[39m=\u001b[32m\"lucide lucide-refresh-cw w-4 h-4 text-primary\"\u001b[39m\n                \u001b[33mfill\u001b[39m=\u001b[32m\"none\"\u001b[39m\n                \u001b[33mheight\u001b[39m=\u001b[32m\"24\"\u001b[39m\n                \u001b[33mstroke\u001b[39m=\u001b[32m\"currentColor\"\u001b[39m\n                \u001b[33mstroke-linecap\u001b[39m=\u001b[32m\"round\"\u001b[39m\n                \u001b[33mstroke-linejoin\u001b[39m=\u001b[32m\"round\"\u001b[39m\n                \u001b[33mstroke-width\u001b[39m=\u001b[32m\"2.5\"\u001b[39m\n                \u001b[33mviewBox\u001b[39m=\u001b[32m\"0 0 24 24\"\u001b[39m\n                \u001b[33mwidth\u001b[39m=\u001b[32m\"24\"\u001b[39m\n                \u001b[33mxmlns\u001b[39m=\u001b[32m\"http://www.w3.org/2000/svg\"\u001b[39m\n              \u001b[36m>\u001b[39m\n                \u001b[36m<path\u001b[39m\n                  \u001b[33md\u001b[39m=\u001b[32m\"M3 12a9 9 0 0 1 9-9 9.75 9.75 0 0 1 6.74 2.74L21 8\"\u001b[39m\n                \u001b[36m/>\u001b[39m\n                \u001b[36m<path\u001b[39m\n                  \u001b[33md\u001b[39m=\u001b[32m\"M21 3v5h-5\"\u001b[39m\n                \u001b[36m/>\u001b[39m\n                \u001b[36m<path\u001b[39m\n                  \u001b[33md\u001b[39m=\u001b[32m\"M21 12a9 9 0 0 1-9 9 9.75 9.75 0 0 1-6.74-2.74L3 16\"\u001b[39m\n                \u001b[36m/>\u001b[39m\n                \u001b[36m<path\u001b[39m\n                  \u001b[33md\u001b[39m=\u001b[32m\"M8 16H3v5\"\u001b[39m\n                \u001b[36m/>\u001b[39m\n              \u001b[36m</svg>\u001b[39m\n            \u001b[36m</div>\u001b[39m\n          \u001b[36m</div>\u001b[39m\n        \u001b[36m</div>\u001b[39m\n        \u001b[36m<div\u001b[39m\n          \u001b[33mclass\u001b[39m=\u001b[32m\"h-full overflow-y-auto overscroll-none\"\u001b[39m\n          \u001b[33mstyle\u001b[39m=\u001b[32m\"transform: none;\"\u001b[39m\n        \u001b[36m>\u001b[39m\n          \u001b[36m<main\u001b[39m\n            \u001b[33mclass\u001b[39m=\u001b[32m\"pb-24 \"\u001b[39m\n            \u001b[33mstyle\u001b[39m=\u001b[32m\"opacity: 1;\"\u001b[39m\n          \u001b[36m>\u001b[39m\n            \u001b[36m<header\u001b[39m\n              \u001b[33mclass\u001b[39m=\u001b[32m\"sticky top-0 z-50 px-4 py-4 bg-background/95 backdrop-blur-xl border-b border-border/50\"\u001b[39m\n              \u001b[33mstyle\u001b[39m=\u001b[32m\"opacity: 1; transform: none;\"\u001b[39m\n            \u001b[36m>\u001b[39m\n              \u001b[36m<div\u001b[39m\n                \u001b[33mclass\u001b[39m=\u001b[32m\"flex items-center justify-between\"\u001b[39m\n              \u001b[36m>\u001b[39m\n                \u001b[36m<div\u001b[39m\n                  \u001b[33mclass\u001b[39m=\u001b[32m\"flex items-center gap-3\"\u001b[39m\n                \u001b[36m>\u001b[39m\n                  \u001b[36m<button\u001b[39m\n                    \u001b[33mclass\u001b[39m=\u001b[32m\"icon-btn\"\u001b[39m\n                  \u001b[36m>\u001b[39m\n                    \u001b[36m<svg\u001b[39m\n                      \u001b[33mclass\u001b[39m=\u001b[32m\"lucide lucide-arrow-left w-5 h-5 text-foreground\"\u001b[39m\n                      \u001b[33mfill\u001b[39m=\u001b[32m\"none\"\u001b[39m\n                      \u001b[33mheight\u001b[39m=\u001b[32m\"24\"\u001b[39m\n                      \u001b[33mstroke\u001b[39m=\u001b[32m\"currentColor\"\u001b[39m\n                      \u001b[33mstroke-linecap\u001b[39m=\u001b[32m\"round\"\u001b[39m\n                      \u001b[33mstroke-linejoin\u001b[39m=\u001b[32m\"round\"\u001b[39m\n                      \u001b[33mstroke-width\u001b[39m=\u001b[32m\"2\"\u001b[39m\n                      \u001b[33mviewBox\u001b[39m=\u001b[32m\"0 0 24 24\"\u001b[39m\n                      \u001b[33mwidth\u001b[39m=\u001b[32m\"24\"\u001b[39m\n                      \u001b[33mxmlns\u001b[39m=\u001b[32m\"http://www.w3.org/2000/svg\"\u001b[39m\n                    \u001b[36m>\u001b[39m\n                      \u001b[36m<path\u001b[39m\n                        \u001b[33md\u001b[39m=\u001b[32m\"m12 19-7-7 7-7\"\u001b[39m\n                      \u001b[36m/>\u001b[39m\n                      \u001b[36m<path\u001b[39m\n                        \u001b[33md\u001b[39m=\u001b[32m\"M19 12H5\"\u001b[39m\n                      \u001b[36m/>\u001b[39m\n                    \u001b[36m</svg>\u001b[39m\n                  \u001b[36m</button>\u001b[39m\n                  \u001b[36m<h1\u001b[39m\n                    \u001b[33mclass\u001b[39m=\u001b[32m\"text-lg font-bold text-foreground\"\u001b[39m\n                  \u001b[36m>\u001b[39m\n                    \u001b[0mPackage Details\u001b[0m\n                  \u001b[36m</h1>\u001b[39m\n                \u001b[36m</div>\u001b[39m\n                \u001b[36m<div\u001b[39m\n                  \u001b[33mclass\u001b[39m=\u001b[32m\"flex items-center gap-2\"\u001b[39m\n                \u001b[36m/>\u001b[39m\n              \u001b[36m</div>\u001b[39m\n            \u001b[36m</header>\u001b[39m\n            \u001b[36m<div\u001b[39m\n              \u001b[33mclass\u001b[39m=\u001b[32m\"flex flex-col items-center justify-center h-[60vh] px-4 text-center\"\u001b[39m\n            \u001b[36m>\u001b[39m\n              \u001b[36m<svg\u001b[39m\n                \u001b[33mclass\u001b[39m=\u001b[32m\"lucide lucide-circle-alert w-12 h-12 text-muted-foreground mb-4\"\u001b[39m\n                \u001b[33mfill\u001b[39m=\u001b[32m\"none\"\u001b[39m\n                \u001b[33mheight\u001b[39m=\u001b[32m\"24\"\u001b[39m\n                \u001b[33mstroke\u001b[39m=\u001b[32m\"currentColor\"\u001b[39m\n                \u001b[33mstroke-linecap\u001b[39m=\u001b[32m\"round\"\u001b[39m\n                \u001b[33mstroke-linejoin\u001b[39m=\u001b[32m\"round\"\u001b[39m\n                \u001b[33mstroke-width\u001b[39m=\u001b[32m\"2\"\u001b[39m\n                \u001b[33mviewBox\u001b[39m=\u001b[32m\"0 0 24 24\"\u001b[39m\n                \u001b[33mwidth\u001b[39m=\u001b[32m\"24\"\u001b[39m\n                \u001b[33mxmlns\u001b[39m=\u001b[32m\"http://www.w3.org/2000/svg\"\u001b[39m\n              \u001b[36m>\u001b[39m\n                \u001b[36m<circle\u001b[39m\n                  \u001b[33mcx\u001b[39m=\u001b[32m\"12\"\u001b[39m\n                  \u001b[33mcy\u001b[39m=\u001b[32m\"12\"\u001b[39m\n                  \u001b[33mr\u001b[39m=\u001b[32m\"10\"\u001b[39m\n                \u001b[36m/>\u001b[39m\n                \u001b[36m<line\u001b[39m\n                  \u001b[33mx1\u001b[39m=\u001b[32m\"12\"\u001b[39m\n                  \u001b[33mx2\u001b[39m=\u001b[32m\"12\"\u001b[39m\n                  \u001b[33my1\u001b[39m=\u001b[32m\"8\"\u001b[39m\n                  \u001b[33my2\u001b[39m=\u001b[32m\"12\"\u001b[39m\n                \u001b[36m/>\u001b[39m\n                \u001b[36m<line\u001b[39m\n                  \u001b[33mx1\u001b[39m=\u001b[32m\"12\"\u001b[39m\n                  \u001b[33mx2\u001b[39m=\u001b[32m\"12.01\"\u001b[39m...\n\nIgnored nodes: comments, script, style\n\u001b[36m<html>\u001b[39m\n  \u001b[36m<head />\u001b[39m\n  \u001b[36m<body>\u001b[39m\n    \u001b[36m<div>\u001b[39m\n      \u001b[36m<div\u001b[39m\n        \u001b[33mclass\u001b[39m=\u001b[32m\"min-h-screen h-screen bg-background max-w-[430px] mx-auto relative overflow-hidden\"\u001b[39m\n      \u001b[36m>\u001b[39m\n        \u001b[36m<div\u001b[39m\n          \u001b[33mclass\u001b[39m=\u001b[32m\"relative h-full overflow-hidden\"\u001b[39m\n        \u001b[36m>\u001b[39m\n          \u001b[36m<div\u001b[39m\n            \u001b[33mclass\u001b[39m=\u001b[32m\"absolute left-1/2 -translate-x-1/2 z-50 flex items-center justify-center\"\u001b[39m\n            \u001b[33mstyle\u001b[39m=\u001b[32m\"opacity: 0; transform: translateY(-40px) scale(0.5);\"\u001b[39m\n          \u001b[36m>\u001b[39m\n            \u001b[36m<div\u001b[39m\n              \u001b[33mclass\u001b[39m=\u001b[32m\"relative w-10 h-10 flex items-center justify-center\"\u001b[39m\n            \u001b[36m>\u001b[39m\n              \u001b[36m<svg\u001b[39m\n                \u001b[33mclass\u001b[39m=\u001b[32m\"absolute w-10 h-10 -rotate-90\"\u001b[39m\n              \u001b[36m>\u001b[39m\n                \u001b[36m<circle\u001b[39m\n                  \u001b[33mcx\u001b[39m=\u001b[32m\"20\"\u001b[39m\n                  \u001b[33mcy\u001b[39m=\u001b[32m\"20\"\u001b[39m\n                  \u001b[33mfill\u001b[39m=\u001b[32m\"none\"\u001b[39m\n                  \u001b[33mr\u001b[39m=\u001b[32m\"16\"\u001b[39m\n                  \u001b[33mstroke\u001b[39m=\u001b[32m\"hsl(var(--primary) / 0.2)\"\u001b[39m\n                  \u001b[33mstroke-width\u001b[39m=\u001b[32m\"2.5\"\u001b[39m\n                \u001b[36m/>\u001b[39m\n                \u001b[36m<circle\u001b[39m\n                  \u001b[33mcx\u001b[39m=\u001b[32m\"20\"\u001b[39m\n                  \u001b[33mcy\u001b[39m=\u001b[32m\"20\"\u001b[39m\n                  \u001b[33mfill\u001b[39m=\u001b[32m\"none\"\u001b[39m\n                  \u001b[33mr\u001b[39m=\u001b[32m\"16\"\u001b[39m\n                  \u001b[33mstroke\u001b[39m=\u001b[32m\"hsl(var(--primary))\"\u001b[39m\n                  \u001b[33mstroke-dasharray\u001b[39m=\u001b[32m\"251\"\u001b[39m\n                  \u001b[33mstroke-dashoffset\u001b[39m=\u001b[32m\"251\"\u001b[39m\n                  \u001b[33mstroke-linecap\u001b[39m=\u001b[32m\"round\"\u001b[39m\n                  \u001b[33mstroke-width\u001b[39m=\u001b[32m\"2.5\"\u001b[39m\n                \u001b[36m/>\u001b[39m\n              \u001b[36m</svg>\u001b[39m\n              \u001b[36m<div\u001b[39m\n                \u001b[33mstyle\u001b[39m=\u001b[32m\"transform: none;\"\u001b[39m\n              \u001b[36m>\u001b[39m\n                \u001b[36m<svg\u001b[39m\n                  \u001b[33mclass\u001b[39m=\u001b[32m\"lucide lucide-refresh-cw w-4 h-4 text-primary\"\u001b[39m\n                  \u001b[33mfill\u001b[39m=\u001b[32m\"none\"\u001b[39m\n                  \u001b[33mheight\u001b[39m=\u001b[32m\"24\"\u001b[39m\n                  \u001b[33mstroke\u001b[39m=\u001b[32m\"currentColor\"\u001b[39m\n                  \u001b[33mstroke-linecap\u001b[39m=\u001b[32m\"round\"\u001b[39m\n                  \u001b[33mstroke-linejoin\u001b[39m=\u001b[32m\"round\"\u001b[39m\n                  \u001b[33mstroke-width\u001b[39m=\u001b[32m\"2.5\"\u001b[39m\n                  \u001b[33mviewBox\u001b[39m=\u001b[32m\"0 0 24 24\"\u001b[39m\n                  \u001b[33mwidth\u001b[39m=\u001b[32m\"24\"\u001b[39m\n                  \u001b[33mxmlns\u001b[39m=\u001b[32m\"http://www.w3.org/2000/svg\"\u001b[39m\n                \u001b[36m>\u001b[39m\n                  \u001b[36m<path\u001b[39m\n                    \u001b[33md\u001b[39m=\u001b[32m\"M3 12a9 9 0 0 1 9-9 9.75 9.75 0 0 1 6.74 2.74L21 8\"\u001b[39m\n                  \u001b[36m/>\u001b[39m\n                  \u001b[36m<path\u001b[39m\n                    \u001b[33md\u001b[39m=\u001b[32m\"M21 3v5h-5\"\u001b[39m\n                  \u001b[36m/>\u001b[39m\n                  \u001b[36m<path\u001b[39m\n                    \u001b[33md\u001b[39m=\u001b[32m\"M21 12a9 9 0 0 1-9 9 9.75 9.75 0 0 1-6.74-2.74L3 16\"\u001b[39m\n                  \u001b[36m/>\u001b[39m\n                  \u001b[36m<path\u001b[39m\n                    \u001b[33md\u001b[39m=\u001b[32m\"M8 16H3v5\"\u001b[39m\n                  \u001b[36m/>\u001b[39m\n                \u001b[36m</svg>\u001b[39m\n              \u001b[36m</div>\u001b[39m\n            \u001b[36m</div>\u001b[39m\n          \u001b[36m</div>\u001b[39m\n          \u001b[36m<div\u001b[39m\n            \u001b[33mclass\u001b[39m=\u001b[32m\"h-full overflow-y-auto overscroll-none\"\u001b[39m\n            \u001b[33mstyle\u001b[39m=\u001b[32m\"transform: none;\"\u001b[39m\n          \u001b[36m>\u001b[39m\n            \u001b[36m<main\u001b[39m\n              \u001b[33mclass\u001b[39m=\u001b[32m\"pb-24 \"\u001b[39m\n              \u001b[33mstyle\u001b[39m=\u001b[32m\"opacity: 1;\"\u001b[39m\n            \u001b[36m>\u001b[39m\n              \u001b[36m<header\u001b[39m\n                \u001b[33mclass\u001b[39m=\u001b[32m\"sticky top-0 z-50 px-4 py-4 bg-background/95 backdrop-blur-xl border-b border-border/50\"\u001b[39m\n                \u001b[33mstyle\u001b[39m=\u001b[32m\"opacity: 1; transform: none;\"\u001b[39m\n              \u001b[36m>\u001b[39m\n                \u001b[36m<div\u001b[39m\n                  \u001b[33mclass\u001b[39m=\u001b[32m\"flex items-center justify-between\"\u001b[39m\n                \u001b[36m>\u001b[39m\n                  \u001b[36m<div\u001b[39m\n                    \u001b[33mclass\u001b[39m=\u001b[32m\"flex items-center gap-3\"\u001b[39m\n                  \u001b[36m>\u001b[39m\n                    \u001b[36m<button\u001b[39m\n                      \u001b[33mclass\u001b[39m=\u001b[32m\"icon-btn\"\u001b[39m\n                    \u001b[36m>\u001b[39m\n                      \u001b[36m<svg\u001b[39m\n                        \u001b[33mclass\u001b[39m=\u001b[32m\"lucide lucide-arrow-left w-5 h-5 text-foreground\"\u001b[39m\n                        \u001b[33mfill\u001b[39m=\u001b[32m\"none\"\u001b[39m\n                        \u001b[33mheight\u001b[39m=\u001b[32m\"24\"\u001b[39m\n                        \u001b[33mstroke\u001b[39m=\u001b[32m\"currentColor\"\u001b[39m\n                        \u001b[33mstroke-linecap\u001b[39m=\u001b[32m\"round\"\u001b[39m\n                        \u001b[33mstroke-linejoin\u001b[39m=\u001b[32m\"round\"\u001b[39m\n                        \u001b[33mstroke-width\u001b[39m=\u001b[32m\"2\"\u001b[39m\n                        \u001b[33mviewBox\u001b[39m=\u001b[32m\"0 0 24 24\"\u001b[39m\n                        \u001b[33mwidth\u001b[39m=\u001b[32m\"24\"\u001b[39m\n                        \u001b[33mxmlns\u001b[39m=\u001b[32m\"http://www.w3.org/2000/svg\"\u001b[39m\n                      \u001b[36m>\u001b[39m\n                        \u001b[36m<path\u001b[39m\n                          \u001b[33md\u001b[39m=\u001b[32m\"m12 19-7-7 7-7\"\u001b[39m\n                        \u001b[36m/>\u001b[39m\n                        \u001b[36m<path\u001b[39m\n                          \u001b[33md\u001b[39m=\u001b[32m\"M19 12H5\"\u001b[39m\n                        \u001b[36m/>\u001b[39m\n                      \u001b[36m</svg>\u001b[39m\n                    \u001b[36m</button>\u001b[39m\n                    \u001b[36m<h1\u001b[39m\n                      \u001b[33mclass\u001b[39m=\u001b[32m\"text-lg font-bold text-foreground\"\u001b[39m\n                    \u001b[36m>\u001b[39m\n                      \u001b[0mPackage Details\u001b[0m\n                    \u001b[36m</h1>\u001b[39m\n                  \u001b[36m</div>\u001b[39m\n                  \u001b[36m<div\u001b[39m\n                    \u001b[33mclass\u001b[39m=\u001b[32m\"flex items-center gap-2\"\u001b[39m\n                  \u001b[36m/>\u001b[39m\n                \u001b[36m</div>\u001b[39m\n              \u001b[36m</header>\u001b[39m\n              \u001b[36m<div\u001b[39m\n                \u001b[33mclass\u001b[39m=\u001b[32m\"flex flex-col items-center justify-center h-[60vh] px-4 text-center\"\u001b[39m\n              \u001b[36m>\u001b[39m\n                \u001b[36m<svg\u001b[39m\n                  \u001b[33mclass\u001b[39m=\u001b[32m\"lucide lucide-circle-alert w-12 h-12 text-muted-foreground mb-4\"\u001b[39m\n                  \u001b[33mfill\u001b[39m=\u001b[32m\"none\"\u001b[39m\n                  \u001b[33mheight\u001b[39m=\u001b[32m\"24\"\u001b[39m\n                  \u001b[33mstroke\u001b[39m=\u001b[32m\"currentColor\"\u001b[39m\n                  \u001b[33mstroke-linecap\u001b[39m=\u001b[32m\"round\"\u001b[39m\n                  \u001b[33mstroke-linejoin\u001b[39m=\u001b[32m\"round\"\u001b[39m\n                  \u001b[33mstroke-width\u001b[39m=\u001b[32m\"2\"\u001b[39m\n                  \u001b[33mviewBox\u001b[39m=\u001b[32m\"0 0 24 24\"\u001b[39m\n                  \u001b[33mwidth\u001b[39m=\u001b[32m\"24\"\u001b[39m\n                  \u001b[33mxmlns\u001b[39m=\u001b[32m\"http://www.w3.org/2000/svg\"\u001b[39m\n                \u001b[36m>\u001b[39m\n                  \u001b[36m<circle\u001b[39m\n                    \u001b[33mcx\u001b[39m=\u001b[32m\"12\"\u001b[39m\n                    \u001b[33mcy\u001b[39m=\u001b[32m\"12\"\u001b[39m\n                    \u001b[33mr\u001b[39m=\u001b[32m\"10\"\u001b[39m\n                  \u001b[36m/>\u001b[39m\n                  \u001b[36m<line\u001b[39m\n                ..."],"location":{"line":163,"column":27}}],"startTime":1771087131247,"endTime":1771087140524,"status":"failed","message":"","name":"/workspaces/healthswift-mobile-design/src/__tests__/healthPackages.test.tsx"},{"assertionResults":[{"ancestorTitles":["","Prescription upload persistence"],"fullName":" Prescription upload persistence uploads, navigates away, and shows persisted image after reload","status":"failed","title":"uploads, navigates away, and shows persisted image after reload","duration":1096,"failureMessages":["expect(element).toHaveTextContent()\n\nExpected element to have text content:\n  https://cdn.example.com/user-1/123.jpg\nReceived:\n\n\nIgnored nodes: comments, script, style\n\u001b[36m<html>\u001b[39m\n  \u001b[36m<head />\u001b[39m\n  \u001b[36m<body>\u001b[39m\n    \u001b[36m<div>\u001b[39m\n      \u001b[36m<div>\u001b[39m\n        \u001b[36m<div\u001b[39m\n          \u001b[33mdata-testid\u001b[39m=\u001b[32m\"prescription-url\"\u001b[39m\n        \u001b[36m/>\u001b[39m\n        \u001b[36m<button>\u001b[39m\n          \u001b[0mUpload\u001b[0m\n        \u001b[36m</button>\u001b[39m\n        \u001b[36m<button>\u001b[39m\n          \u001b[0mReload\u001b[0m\n        \u001b[36m</button>\u001b[39m\n        \u001b[36m<div\u001b[39m\n          \u001b[33mdata-testid\u001b[39m=\u001b[32m\"loading\"\u001b[39m\n        \u001b[36m>\u001b[39m\n          \u001b[0midle\u001b[0m\n        \u001b[36m</div>\u001b[39m\n      \u001b[36m</div>\u001b[39m\n    \u001b[36m</div>\u001b[39m\n  \u001b[36m</body>\u001b[39m\n\u001b[36m</html>\u001b[39m..."],"location":{"line":82,"column":54}}],"startTime":1771087141520,"endTime":1771087142616,"status":"failed","message":"","name":"/workspaces/healthswift-mobile-design/src/__tests__/prescriptionPersistence.test.tsx"}]}
